[
  {
    "line": 2,
    "elements": [
      {
<<<<<<< HEAD
        "line": 6,
        "name": "",
=======
        "line": 3,
        "name": "User goes my operations dropdown and clicks the \"manage accounts\"",
>>>>>>> master
        "description": "",
        "type": "background",
        "keyword": "Background",
        "steps": [
          {
            "result": {
<<<<<<< HEAD
              "duration": 9500000000,
              "status": "passed"
            },
            "line": 7,
            "name": "User is on the registration page",
            "match": {
              "location": "stepdefinitions.US002_TC2.userIsOnTheRegistrationPage()"
            },
            "keyword": "Given "
=======
              "duration": 23738000000,
              "status": "passed"
            },
            "line": 4,
            "name": "User go to the sign in page",
            "match": {
              "location": "stepdefinitions.US_14.user_go_to_the_sign_in_page()"
            },
            "keyword": "Given "
          },
          {
            "result": {
              "duration": 2638000000,
              "status": "passed"
            },
            "line": 5,
            "name": "User type username and password than click on sign in button",
            "match": {
              "location": "stepdefinitions.US_14.user_type_username_and_password_than_click_on_sign_in_button()"
            },
            "keyword": "When "
          },
          {
            "result": {
              "duration": 4015000000,
              "status": "passed"
            },
            "line": 6,
            "name": "User click on \" My Operations \" dropdown menu",
            "match": {
              "arguments": [
                {
                  "val": "\" My Operations \"",
                  "offset": 14
                }
              ],
              "location": "stepdefinitions.US_14.user_click_on_dropdown_menu(java.lang.String)"
            },
            "keyword": "And "
          },
          {
            "result": {
              "duration": 3092000000,
              "status": "passed"
            },
            "line": 7,
            "name": "User click on \"Manage Accounts\"",
            "match": {
              "arguments": [
                {
                  "val": "\"Manage Accounts\"",
                  "offset": 14
                }
              ],
              "location": "stepdefinitions.US_14.user_click_on(java.lang.String)"
            },
            "keyword": "Then "
          }
        ]
      },
      {
        "start_timestamp": "2020-11-15T03:20:36.981Z",
        "line": 11,
        "name": "User can not typed earlier,in the past,at the time of creation an account",
        "description": "",
        "id": "user-can-manage-accounts;user-can-not-typed-earlier-in-the-past-at-the-time-of-creation-an-account",
        "type": "scenario",
        "keyword": "Scenario",
        "steps": [
          {
            "result": {
              "error_message": "org.openqa.selenium.NoSuchWindowException: no such window: target window already closed\nfrom unknown error: web view not found\n  (Session info: chrome\u003d86.0.4240.193)\nBuild info: version: \u00273.141.59\u0027, revision: \u0027e82be7d358\u0027, time: \u00272018-11-14T08:17:03\u0027\nSystem info: host: \u0027apple-MacBook-Pro.local\u0027, ip: \u0027fe80:0:0:0:8fd:cd3d:c619:6e13%en0\u0027, os.name: \u0027Mac OS X\u0027, os.arch: \u0027x86_64\u0027, os.version: \u002710.15.7\u0027, java.version: \u00271.8.0_251\u0027\nDriver info: org.openqa.selenium.chrome.ChromeDriver\nCapabilities {acceptInsecureCerts: false, browserName: chrome, browserVersion: 86.0.4240.193, chrome: {chromedriverVersion: 86.0.4240.22 (398b0743353ff..., userDataDir: /var/folders/dl/rf5qc1mj2jq...}, goog:chromeOptions: {debuggerAddress: localhost:63904}, javascriptEnabled: true, networkConnectionEnabled: false, pageLoadStrategy: normal, platform: MAC, platformName: MAC, proxy: Proxy(), setWindowRect: true, strictFileInteractability: false, timeouts: {implicit: 0, pageLoad: 300000, script: 30000}, unhandledPromptBehavior: dismiss and notify, webauthn:virtualAuthenticators: true}\nSession ID: aba4e1c2d81e772ad2fc448eb08a2854\n*** Element info: {Using\u003dxpath, value\u003d//*[contains(text(),\u0027Create a new Account\u0027)]}\n\tat sun.reflect.NativeConstructorAccessorImpl.newInstance0(Native Method)\n\tat sun.reflect.NativeConstructorAccessorImpl.newInstance(NativeConstructorAccessorImpl.java:62)\n\tat sun.reflect.DelegatingConstructorAccessorImpl.newInstance(DelegatingConstructorAccessorImpl.java:45)\n\tat java.lang.reflect.Constructor.newInstance(Constructor.java:423)\n\tat org.openqa.selenium.remote.http.W3CHttpResponseCodec.createException(W3CHttpResponseCodec.java:187)\n\tat org.openqa.selenium.remote.http.W3CHttpResponseCodec.decode(W3CHttpResponseCodec.java:122)\n\tat org.openqa.selenium.remote.http.W3CHttpResponseCodec.decode(W3CHttpResponseCodec.java:49)\n\tat org.openqa.selenium.remote.HttpCommandExecutor.execute(HttpCommandExecutor.java:158)\n\tat org.openqa.selenium.remote.service.DriverCommandExecutor.execute(DriverCommandExecutor.java:83)\n\tat org.openqa.selenium.remote.RemoteWebDriver.execute(RemoteWebDriver.java:552)\n\tat org.openqa.selenium.remote.RemoteWebDriver.findElement(RemoteWebDriver.java:323)\n\tat org.openqa.selenium.remote.RemoteWebDriver.findElementByXPath(RemoteWebDriver.java:428)\n\tat org.openqa.selenium.By$ByXPath.findElement(By.java:353)\n\tat org.openqa.selenium.remote.RemoteWebDriver.findElement(RemoteWebDriver.java:315)\n\tat org.openqa.selenium.support.pagefactory.DefaultElementLocator.findElement(DefaultElementLocator.java:69)\n\tat org.openqa.selenium.support.pagefactory.internal.LocatingElementHandler.invoke(LocatingElementHandler.java:38)\n\tat com.sun.proxy.$Proxy15.click(Unknown Source)\n\tat stepdefinitions.US_14.user_click_on(US_14.java:36)\n\tat âœ½.User click on \"Manage Accounts\"(file:///Users/apple/IdeaProjects/MeetSizeProject/GMIBankProject/src/test/resources/uiFeatures/US_14.feature:12)\n",
              "duration": 3892000000,
              "status": "failed"
            },
            "line": 12,
            "name": "User click on \"Manage Accounts\"",
            "match": {
              "arguments": [
                {
                  "val": "\"Manage Accounts\"",
                  "offset": 14
                }
              ],
              "location": "stepdefinitions.US_14.user_click_on(java.lang.String)"
            },
            "keyword": "Given "
          },
          {
            "result": {
              "status": "skipped"
            },
            "line": 13,
            "name": "User Click on \"+Create a new Account\"",
            "match": {
              "arguments": [
                {
                  "val": "\"+Create a new Account\"",
                  "offset": 14
                }
              ],
              "location": "stepdefinitions.US_14.user_Click_on(java.lang.String)"
            },
            "keyword": "When "
          },
          {
            "result": {
              "status": "skipped"
            },
            "line": 14,
            "name": "User Click on the Create Date textbox and type the time of account creation",
            "match": {
              "location": "stepdefinitions.US_14.user_Click_on_the_Create_Date_textbox_and_type_the_time_of_account_creation()"
            },
            "keyword": "And "
          },
          {
            "result": {
              "status": "skipped"
            },
            "line": 15,
            "name": "User click on the Closed Date textbox and type the time later than the time of account creation",
            "match": {
              "location": "stepdefinitions.US_14.user_click_on_the_Closed_Date_textbox_and_type_the_time_later_than_the_time_of_account_creation()"
            },
            "keyword": "Then "
          }
        ],
        "tags": [
          {
            "name": "@US_14"
          },
          {
            "name": "@TC_1"
          }
        ]
      },
      {
        "line": 3,
        "name": "User goes my operations dropdown and clicks the \"manage accounts\"",
        "description": "",
        "type": "background",
        "keyword": "Background",
        "steps": [
          {
            "result": {
              "error_message": "io.cucumber.core.exception.CucumberException: Failed to instantiate class stepdefinitions.US_14\n\tat io.cucumber.core.runtime.ObjectFactoryServiceLoader$DefaultJavaObjectFactory.cacheNewInstance(ObjectFactoryServiceLoader.java:135)\n\tat io.cucumber.core.runtime.ObjectFactoryServiceLoader$DefaultJavaObjectFactory.getInstance(ObjectFactoryServiceLoader.java:121)\n\tat io.cucumber.java.JavaStepDefinition.execute(JavaStepDefinition.java:27)\n\tat io.cucumber.core.runner.PickleStepDefinitionMatch.runStep(PickleStepDefinitionMatch.java:63)\n\tat io.cucumber.core.runner.TestStep.executeStep(TestStep.java:64)\n\tat io.cucumber.core.runner.TestStep.run(TestStep.java:49)\n\tat io.cucumber.core.runner.PickleStepTestStep.run(PickleStepTestStep.java:46)\n\tat io.cucumber.core.runner.TestCase.run(TestCase.java:51)\n\tat io.cucumber.core.runner.Runner.runPickle(Runner.java:67)\n\tat io.cucumber.junit.PickleRunners$NoStepDescriptions.run(PickleRunners.java:149)\n\tat io.cucumber.junit.FeatureRunner.runChild(FeatureRunner.java:83)\n\tat io.cucumber.junit.FeatureRunner.runChild(FeatureRunner.java:24)\n\tat org.junit.runners.ParentRunner$4.run(ParentRunner.java:331)\n\tat org.junit.runners.ParentRunner$1.schedule(ParentRunner.java:79)\n\tat org.junit.runners.ParentRunner.runChildren(ParentRunner.java:329)\n\tat org.junit.runners.ParentRunner.access$100(ParentRunner.java:66)\n\tat org.junit.runners.ParentRunner$2.evaluate(ParentRunner.java:293)\n\tat org.junit.runners.ParentRunner$3.evaluate(ParentRunner.java:306)\n\tat org.junit.runners.ParentRunner.run(ParentRunner.java:413)\n\tat io.cucumber.junit.Cucumber.runChild(Cucumber.java:185)\n\tat io.cucumber.junit.Cucumber.runChild(Cucumber.java:83)\n\tat org.junit.runners.ParentRunner$4.run(ParentRunner.java:331)\n\tat org.junit.runners.ParentRunner$1.schedule(ParentRunner.java:79)\n\tat org.junit.runners.ParentRunner.runChildren(ParentRunner.java:329)\n\tat org.junit.runners.ParentRunner.access$100(ParentRunner.java:66)\n\tat org.junit.runners.ParentRunner$2.evaluate(ParentRunner.java:293)\n\tat io.cucumber.junit.Cucumber$RunCucumber.evaluate(Cucumber.java:219)\n\tat org.junit.runners.ParentRunner$3.evaluate(ParentRunner.java:306)\n\tat org.junit.runners.ParentRunner.run(ParentRunner.java:413)\n\tat org.junit.runner.JUnitCore.run(JUnitCore.java:137)\n\tat com.intellij.junit4.JUnit4IdeaTestRunner.startRunnerWithArgs(JUnit4IdeaTestRunner.java:68)\n\tat com.intellij.rt.junit.IdeaTestRunner$Repeater.startRunnerWithArgs(IdeaTestRunner.java:33)\n\tat com.intellij.rt.junit.JUnitStarter.prepareStreamsAndStart(JUnitStarter.java:230)\n\tat com.intellij.rt.junit.JUnitStarter.main(JUnitStarter.java:58)\nCaused by: java.lang.reflect.InvocationTargetException\n\tat sun.reflect.NativeConstructorAccessorImpl.newInstance0(Native Method)\n\tat sun.reflect.NativeConstructorAccessorImpl.newInstance(NativeConstructorAccessorImpl.java:62)\n\tat sun.reflect.DelegatingConstructorAccessorImpl.newInstance(DelegatingConstructorAccessorImpl.java:45)\n\tat java.lang.reflect.Constructor.newInstance(Constructor.java:423)\n\tat io.cucumber.core.runtime.ObjectFactoryServiceLoader$DefaultJavaObjectFactory.cacheNewInstance(ObjectFactoryServiceLoader.java:129)\n\t... 33 more\nCaused by: org.openqa.selenium.NoSuchWindowException: no such window: target window already closed\nfrom unknown error: web view not found\n  (Session info: chrome\u003d86.0.4240.193)\nBuild info: version: \u00273.141.59\u0027, revision: \u0027e82be7d358\u0027, time: \u00272018-11-14T08:17:03\u0027\nSystem info: host: \u0027apple-MacBook-Pro.local\u0027, ip: \u0027fe80:0:0:0:8fd:cd3d:c619:6e13%en0\u0027, os.name: \u0027Mac OS X\u0027, os.arch: \u0027x86_64\u0027, os.version: \u002710.15.7\u0027, java.version: \u00271.8.0_251\u0027\nDriver info: org.openqa.selenium.chrome.ChromeDriver\nCapabilities {acceptInsecureCerts: false, browserName: chrome, browserVersion: 86.0.4240.193, chrome: {chromedriverVersion: 86.0.4240.22 (398b0743353ff..., userDataDir: /var/folders/dl/rf5qc1mj2jq...}, goog:chromeOptions: {debuggerAddress: localhost:63904}, javascriptEnabled: true, networkConnectionEnabled: false, pageLoadStrategy: normal, platform: MAC, platformName: MAC, proxy: Proxy(), setWindowRect: true, strictFileInteractability: false, timeouts: {implicit: 0, pageLoad: 300000, script: 30000}, unhandledPromptBehavior: dismiss and notify, webauthn:virtualAuthenticators: true}\nSession ID: aba4e1c2d81e772ad2fc448eb08a2854\n\tat sun.reflect.NativeConstructorAccessorImpl.newInstance0(Native Method)\n\tat sun.reflect.NativeConstructorAccessorImpl.newInstance(NativeConstructorAccessorImpl.java:62)\n\tat sun.reflect.DelegatingConstructorAccessorImpl.newInstance(DelegatingConstructorAccessorImpl.java:45)\n\tat java.lang.reflect.Constructor.newInstance(Constructor.java:423)\n\tat org.openqa.selenium.remote.http.W3CHttpResponseCodec.createException(W3CHttpResponseCodec.java:187)\n\tat org.openqa.selenium.remote.http.W3CHttpResponseCodec.decode(W3CHttpResponseCodec.java:122)\n\tat org.openqa.selenium.remote.http.W3CHttpResponseCodec.decode(W3CHttpResponseCodec.java:49)\n\tat org.openqa.selenium.remote.HttpCommandExecutor.execute(HttpCommandExecutor.java:158)\n\tat org.openqa.selenium.remote.service.DriverCommandExecutor.execute(DriverCommandExecutor.java:83)\n\tat org.openqa.selenium.remote.RemoteWebDriver.execute(RemoteWebDriver.java:552)\n\tat org.openqa.selenium.remote.RemoteWebDriver.execute(RemoteWebDriver.java:609)\n\tat org.openqa.selenium.remote.RemoteWebDriver$RemoteWebDriverOptions$RemoteWindow.maximize(RemoteWebDriver.java:837)\n\tat utilities.Driver.getDriver(Driver.java:58)\n\tat pages.Userstory14.\u003cinit\u003e(Userstory14.java:12)\n\tat stepdefinitions.US_14.\u003cinit\u003e(US_14.java:13)\n\t... 38 more\n",
              "duration": 10000000,
              "status": "failed"
            },
            "line": 4,
            "name": "User go to the sign in page",
            "match": {
              "location": "stepdefinitions.US_14.user_go_to_the_sign_in_page()"
            },
            "keyword": "Given "
          },
          {
            "result": {
              "duration": 1000000,
              "status": "skipped"
            },
            "line": 5,
            "name": "User type username and password than click on sign in button",
            "match": {
              "location": "stepdefinitions.US_14.user_type_username_and_password_than_click_on_sign_in_button()"
            },
            "keyword": "When "
          },
          {
            "result": {
              "duration": 1000000,
              "status": "skipped"
            },
            "line": 6,
            "name": "User click on \" My Operations \" dropdown menu",
            "match": {
              "arguments": [
                {
                  "val": "\" My Operations \"",
                  "offset": 14
                }
              ],
              "location": "stepdefinitions.US_14.user_click_on_dropdown_menu(java.lang.String)"
            },
            "keyword": "And "
          },
          {
            "result": {
              "duration": 1000000,
              "status": "skipped"
            },
            "line": 7,
            "name": "User click on \"Manage Accounts\"",
            "match": {
              "arguments": [
                {
                  "val": "\"Manage Accounts\"",
                  "offset": 14
                }
              ],
              "location": "stepdefinitions.US_14.user_click_on(java.lang.String)"
            },
            "keyword": "Then "
          }
        ]
      },
      {
        "start_timestamp": "2020-11-15T03:21:15.055Z",
        "line": 17,
        "name": "User can not typed earlier,in the past,at the time of creation an account",
        "description": "",
        "id": "user-can-manage-accounts;user-can-not-typed-earlier-in-the-past-at-the-time-of-creation-an-account",
        "type": "scenario",
        "keyword": "Scenario",
        "steps": [
          {
            "result": {
              "duration": 1000000,
              "status": "skipped"
            },
            "line": 18,
            "name": "User click on \"Manage Accounts\"",
            "match": {
              "arguments": [
                {
                  "val": "\"Manage Accounts\"",
                  "offset": 14
                }
              ],
              "location": "stepdefinitions.US_14.user_click_on(java.lang.String)"
            },
            "keyword": "Given "
          },
          {
            "result": {
              "status": "skipped"
            },
            "line": 19,
            "name": "User Click on \"+Create a new Account\"",
            "match": {
              "arguments": [
                {
                  "val": "\"+Create a new Account\"",
                  "offset": 14
                }
              ],
              "location": "stepdefinitions.US_14.user_Click_on(java.lang.String)"
            },
            "keyword": "When "
          },
          {
            "result": {
              "duration": 1000000,
              "status": "skipped"
            },
            "line": 20,
            "name": "User click on the Create Date textbox and type the date earlier at the time of account creation",
            "match": {
              "location": "stepdefinitions.US_14.user_click_on_the_Create_Date_textbox_and_type_the_date_earlier_at_the_time_of_account_creation()"
            },
            "keyword": "And "
          },
          {
            "result": {
              "duration": 1000000,
              "status": "skipped"
            },
            "line": 21,
            "name": "User click on the Closed Date textbox and type the time later than the time of account creation",
            "match": {
              "location": "stepdefinitions.US_14.user_click_on_the_Closed_Date_textbox_and_type_the_time_later_than_the_time_of_account_creation()"
            },
            "keyword": "Then "
          }
        ],
        "tags": [
          {
            "name": "@US_14"
          },
          {
            "name": "@TC_2"
          }
        ]
      },
      {
        "line": 3,
        "name": "User goes my operations dropdown and clicks the \"manage accounts\"",
        "description": "",
        "type": "background",
        "keyword": "Background",
        "steps": [
          {
            "result": {
              "error_message": "io.cucumber.core.exception.CucumberException: Failed to instantiate class stepdefinitions.US_14\n\tat io.cucumber.core.runtime.ObjectFactoryServiceLoader$DefaultJavaObjectFactory.cacheNewInstance(ObjectFactoryServiceLoader.java:135)\n\tat io.cucumber.core.runtime.ObjectFactoryServiceLoader$DefaultJavaObjectFactory.getInstance(ObjectFactoryServiceLoader.java:121)\n\tat io.cucumber.java.JavaStepDefinition.execute(JavaStepDefinition.java:27)\n\tat io.cucumber.core.runner.PickleStepDefinitionMatch.runStep(PickleStepDefinitionMatch.java:63)\n\tat io.cucumber.core.runner.TestStep.executeStep(TestStep.java:64)\n\tat io.cucumber.core.runner.TestStep.run(TestStep.java:49)\n\tat io.cucumber.core.runner.PickleStepTestStep.run(PickleStepTestStep.java:46)\n\tat io.cucumber.core.runner.TestCase.run(TestCase.java:51)\n\tat io.cucumber.core.runner.Runner.runPickle(Runner.java:67)\n\tat io.cucumber.junit.PickleRunners$NoStepDescriptions.run(PickleRunners.java:149)\n\tat io.cucumber.junit.FeatureRunner.runChild(FeatureRunner.java:83)\n\tat io.cucumber.junit.FeatureRunner.runChild(FeatureRunner.java:24)\n\tat org.junit.runners.ParentRunner$4.run(ParentRunner.java:331)\n\tat org.junit.runners.ParentRunner$1.schedule(ParentRunner.java:79)\n\tat org.junit.runners.ParentRunner.runChildren(ParentRunner.java:329)\n\tat org.junit.runners.ParentRunner.access$100(ParentRunner.java:66)\n\tat org.junit.runners.ParentRunner$2.evaluate(ParentRunner.java:293)\n\tat org.junit.runners.ParentRunner$3.evaluate(ParentRunner.java:306)\n\tat org.junit.runners.ParentRunner.run(ParentRunner.java:413)\n\tat io.cucumber.junit.Cucumber.runChild(Cucumber.java:185)\n\tat io.cucumber.junit.Cucumber.runChild(Cucumber.java:83)\n\tat org.junit.runners.ParentRunner$4.run(ParentRunner.java:331)\n\tat org.junit.runners.ParentRunner$1.schedule(ParentRunner.java:79)\n\tat org.junit.runners.ParentRunner.runChildren(ParentRunner.java:329)\n\tat org.junit.runners.ParentRunner.access$100(ParentRunner.java:66)\n\tat org.junit.runners.ParentRunner$2.evaluate(ParentRunner.java:293)\n\tat io.cucumber.junit.Cucumber$RunCucumber.evaluate(Cucumber.java:219)\n\tat org.junit.runners.ParentRunner$3.evaluate(ParentRunner.java:306)\n\tat org.junit.runners.ParentRunner.run(ParentRunner.java:413)\n\tat org.junit.runner.JUnitCore.run(JUnitCore.java:137)\n\tat com.intellij.junit4.JUnit4IdeaTestRunner.startRunnerWithArgs(JUnit4IdeaTestRunner.java:68)\n\tat com.intellij.rt.junit.IdeaTestRunner$Repeater.startRunnerWithArgs(IdeaTestRunner.java:33)\n\tat com.intellij.rt.junit.JUnitStarter.prepareStreamsAndStart(JUnitStarter.java:230)\n\tat com.intellij.rt.junit.JUnitStarter.main(JUnitStarter.java:58)\nCaused by: java.lang.reflect.InvocationTargetException\n\tat sun.reflect.NativeConstructorAccessorImpl.newInstance0(Native Method)\n\tat sun.reflect.NativeConstructorAccessorImpl.newInstance(NativeConstructorAccessorImpl.java:62)\n\tat sun.reflect.DelegatingConstructorAccessorImpl.newInstance(DelegatingConstructorAccessorImpl.java:45)\n\tat java.lang.reflect.Constructor.newInstance(Constructor.java:423)\n\tat io.cucumber.core.runtime.ObjectFactoryServiceLoader$DefaultJavaObjectFactory.cacheNewInstance(ObjectFactoryServiceLoader.java:129)\n\t... 33 more\nCaused by: org.openqa.selenium.NoSuchWindowException: no such window: target window already closed\nfrom unknown error: web view not found\n  (Session info: chrome\u003d86.0.4240.193)\nBuild info: version: \u00273.141.59\u0027, revision: \u0027e82be7d358\u0027, time: \u00272018-11-14T08:17:03\u0027\nSystem info: host: \u0027apple-MacBook-Pro.local\u0027, ip: \u0027fe80:0:0:0:8fd:cd3d:c619:6e13%en0\u0027, os.name: \u0027Mac OS X\u0027, os.arch: \u0027x86_64\u0027, os.version: \u002710.15.7\u0027, java.version: \u00271.8.0_251\u0027\nDriver info: org.openqa.selenium.chrome.ChromeDriver\nCapabilities {acceptInsecureCerts: false, browserName: chrome, browserVersion: 86.0.4240.193, chrome: {chromedriverVersion: 86.0.4240.22 (398b0743353ff..., userDataDir: /var/folders/dl/rf5qc1mj2jq...}, goog:chromeOptions: {debuggerAddress: localhost:63904}, javascriptEnabled: true, networkConnectionEnabled: false, pageLoadStrategy: normal, platform: MAC, platformName: MAC, proxy: Proxy(), setWindowRect: true, strictFileInteractability: false, timeouts: {implicit: 0, pageLoad: 300000, script: 30000}, unhandledPromptBehavior: dismiss and notify, webauthn:virtualAuthenticators: true}\nSession ID: aba4e1c2d81e772ad2fc448eb08a2854\n\tat sun.reflect.NativeConstructorAccessorImpl.newInstance0(Native Method)\n\tat sun.reflect.NativeConstructorAccessorImpl.newInstance(NativeConstructorAccessorImpl.java:62)\n\tat sun.reflect.DelegatingConstructorAccessorImpl.newInstance(DelegatingConstructorAccessorImpl.java:45)\n\tat java.lang.reflect.Constructor.newInstance(Constructor.java:423)\n\tat org.openqa.selenium.remote.http.W3CHttpResponseCodec.createException(W3CHttpResponseCodec.java:187)\n\tat org.openqa.selenium.remote.http.W3CHttpResponseCodec.decode(W3CHttpResponseCodec.java:122)\n\tat org.openqa.selenium.remote.http.W3CHttpResponseCodec.decode(W3CHttpResponseCodec.java:49)\n\tat org.openqa.selenium.remote.HttpCommandExecutor.execute(HttpCommandExecutor.java:158)\n\tat org.openqa.selenium.remote.service.DriverCommandExecutor.execute(DriverCommandExecutor.java:83)\n\tat org.openqa.selenium.remote.RemoteWebDriver.execute(RemoteWebDriver.java:552)\n\tat org.openqa.selenium.remote.RemoteWebDriver.execute(RemoteWebDriver.java:609)\n\tat org.openqa.selenium.remote.RemoteWebDriver$RemoteWebDriverOptions$RemoteWindow.maximize(RemoteWebDriver.java:837)\n\tat utilities.Driver.getDriver(Driver.java:58)\n\tat pages.Userstory14.\u003cinit\u003e(Userstory14.java:12)\n\tat stepdefinitions.US_14.\u003cinit\u003e(US_14.java:13)\n\t... 38 more\n",
              "duration": 11000000,
              "status": "failed"
            },
            "line": 4,
            "name": "User go to the sign in page",
            "match": {
              "location": "stepdefinitions.US_14.user_go_to_the_sign_in_page()"
            },
            "keyword": "Given "
          },
          {
            "result": {
              "duration": 1000000,
              "status": "skipped"
            },
            "line": 5,
            "name": "User type username and password than click on sign in button",
            "match": {
              "location": "stepdefinitions.US_14.user_type_username_and_password_than_click_on_sign_in_button()"
            },
            "keyword": "When "
          },
          {
            "result": {
              "duration": 1000000,
              "status": "skipped"
            },
            "line": 6,
            "name": "User click on \" My Operations \" dropdown menu",
            "match": {
              "arguments": [
                {
                  "val": "\" My Operations \"",
                  "offset": 14
                }
              ],
              "location": "stepdefinitions.US_14.user_click_on_dropdown_menu(java.lang.String)"
            },
            "keyword": "And "
          },
          {
            "result": {
              "status": "skipped"
            },
            "line": 7,
            "name": "User click on \"Manage Accounts\"",
            "match": {
              "arguments": [
                {
                  "val": "\"Manage Accounts\"",
                  "offset": 14
                }
              ],
              "location": "stepdefinitions.US_14.user_click_on(java.lang.String)"
            },
            "keyword": "Then "
          }
        ]
      },
      {
        "start_timestamp": "2020-11-15T03:21:15.093Z",
        "line": 24,
        "name": "User writes the date as month,day,year,hour and minute",
        "description": "",
        "id": "user-can-manage-accounts;user-writes-the-date-as-month-day-year-hour-and-minute",
        "type": "scenario",
        "keyword": "Scenario",
        "steps": [
          {
            "result": {
              "duration": 1000000,
              "status": "skipped"
            },
            "line": 25,
            "name": "User click on \"Manage Accounts\"",
            "match": {
              "arguments": [
                {
                  "val": "\"Manage Accounts\"",
                  "offset": 14
                }
              ],
              "location": "stepdefinitions.US_14.user_click_on(java.lang.String)"
            },
            "keyword": "Given "
          },
          {
            "result": {
              "status": "skipped"
            },
            "line": 26,
            "name": "User Click on \"+Create a new Account\"",
            "match": {
              "arguments": [
                {
                  "val": "\"+Create a new Account\"",
                  "offset": 14
                }
              ],
              "location": "stepdefinitions.US_14.user_Click_on(java.lang.String)"
            },
            "keyword": "When "
          },
          {
            "result": {
              "status": "skipped"
            },
            "line": 27,
            "name": "Click on the Create Date textbox",
            "match": {
              "location": "stepdefinitions.US_14.click_on_the_Create_Date_textbox()"
            },
            "keyword": "And "
          },
          {
            "result": {
              "status": "skipped"
            },
            "line": 28,
            "name": "type date as month,day,year,hour and minute",
            "match": {
              "location": "stepdefinitions.US_14.type_date_as_month_day_year_hour_and_minute()"
            },
            "keyword": "Then "
          }
        ],
        "tags": [
          {
            "name": "@US_14"
          },
          {
            "name": "@TC_3"
          }
        ]
      },
      {
        "line": 3,
        "name": "User goes my operations dropdown and clicks the \"manage accounts\"",
        "description": "",
        "type": "background",
        "keyword": "Background",
        "steps": [
          {
            "result": {
              "error_message": "io.cucumber.core.exception.CucumberException: Failed to instantiate class stepdefinitions.US_14\n\tat io.cucumber.core.runtime.ObjectFactoryServiceLoader$DefaultJavaObjectFactory.cacheNewInstance(ObjectFactoryServiceLoader.java:135)\n\tat io.cucumber.core.runtime.ObjectFactoryServiceLoader$DefaultJavaObjectFactory.getInstance(ObjectFactoryServiceLoader.java:121)\n\tat io.cucumber.java.JavaStepDefinition.execute(JavaStepDefinition.java:27)\n\tat io.cucumber.core.runner.PickleStepDefinitionMatch.runStep(PickleStepDefinitionMatch.java:63)\n\tat io.cucumber.core.runner.TestStep.executeStep(TestStep.java:64)\n\tat io.cucumber.core.runner.TestStep.run(TestStep.java:49)\n\tat io.cucumber.core.runner.PickleStepTestStep.run(PickleStepTestStep.java:46)\n\tat io.cucumber.core.runner.TestCase.run(TestCase.java:51)\n\tat io.cucumber.core.runner.Runner.runPickle(Runner.java:67)\n\tat io.cucumber.junit.PickleRunners$NoStepDescriptions.run(PickleRunners.java:149)\n\tat io.cucumber.junit.FeatureRunner.runChild(FeatureRunner.java:83)\n\tat io.cucumber.junit.FeatureRunner.runChild(FeatureRunner.java:24)\n\tat org.junit.runners.ParentRunner$4.run(ParentRunner.java:331)\n\tat org.junit.runners.ParentRunner$1.schedule(ParentRunner.java:79)\n\tat org.junit.runners.ParentRunner.runChildren(ParentRunner.java:329)\n\tat org.junit.runners.ParentRunner.access$100(ParentRunner.java:66)\n\tat org.junit.runners.ParentRunner$2.evaluate(ParentRunner.java:293)\n\tat org.junit.runners.ParentRunner$3.evaluate(ParentRunner.java:306)\n\tat org.junit.runners.ParentRunner.run(ParentRunner.java:413)\n\tat io.cucumber.junit.Cucumber.runChild(Cucumber.java:185)\n\tat io.cucumber.junit.Cucumber.runChild(Cucumber.java:83)\n\tat org.junit.runners.ParentRunner$4.run(ParentRunner.java:331)\n\tat org.junit.runners.ParentRunner$1.schedule(ParentRunner.java:79)\n\tat org.junit.runners.ParentRunner.runChildren(ParentRunner.java:329)\n\tat org.junit.runners.ParentRunner.access$100(ParentRunner.java:66)\n\tat org.junit.runners.ParentRunner$2.evaluate(ParentRunner.java:293)\n\tat io.cucumber.junit.Cucumber$RunCucumber.evaluate(Cucumber.java:219)\n\tat org.junit.runners.ParentRunner$3.evaluate(ParentRunner.java:306)\n\tat org.junit.runners.ParentRunner.run(ParentRunner.java:413)\n\tat org.junit.runner.JUnitCore.run(JUnitCore.java:137)\n\tat com.intellij.junit4.JUnit4IdeaTestRunner.startRunnerWithArgs(JUnit4IdeaTestRunner.java:68)\n\tat com.intellij.rt.junit.IdeaTestRunner$Repeater.startRunnerWithArgs(IdeaTestRunner.java:33)\n\tat com.intellij.rt.junit.JUnitStarter.prepareStreamsAndStart(JUnitStarter.java:230)\n\tat com.intellij.rt.junit.JUnitStarter.main(JUnitStarter.java:58)\nCaused by: java.lang.reflect.InvocationTargetException\n\tat sun.reflect.NativeConstructorAccessorImpl.newInstance0(Native Method)\n\tat sun.reflect.NativeConstructorAccessorImpl.newInstance(NativeConstructorAccessorImpl.java:62)\n\tat sun.reflect.DelegatingConstructorAccessorImpl.newInstance(DelegatingConstructorAccessorImpl.java:45)\n\tat java.lang.reflect.Constructor.newInstance(Constructor.java:423)\n\tat io.cucumber.core.runtime.ObjectFactoryServiceLoader$DefaultJavaObjectFactory.cacheNewInstance(ObjectFactoryServiceLoader.java:129)\n\t... 33 more\nCaused by: org.openqa.selenium.NoSuchWindowException: no such window: target window already closed\nfrom unknown error: web view not found\n  (Session info: chrome\u003d86.0.4240.193)\nBuild info: version: \u00273.141.59\u0027, revision: \u0027e82be7d358\u0027, time: \u00272018-11-14T08:17:03\u0027\nSystem info: host: \u0027apple-MacBook-Pro.local\u0027, ip: \u0027fe80:0:0:0:8fd:cd3d:c619:6e13%en0\u0027, os.name: \u0027Mac OS X\u0027, os.arch: \u0027x86_64\u0027, os.version: \u002710.15.7\u0027, java.version: \u00271.8.0_251\u0027\nDriver info: org.openqa.selenium.chrome.ChromeDriver\nCapabilities {acceptInsecureCerts: false, browserName: chrome, browserVersion: 86.0.4240.193, chrome: {chromedriverVersion: 86.0.4240.22 (398b0743353ff..., userDataDir: /var/folders/dl/rf5qc1mj2jq...}, goog:chromeOptions: {debuggerAddress: localhost:63904}, javascriptEnabled: true, networkConnectionEnabled: false, pageLoadStrategy: normal, platform: MAC, platformName: MAC, proxy: Proxy(), setWindowRect: true, strictFileInteractability: false, timeouts: {implicit: 0, pageLoad: 300000, script: 30000}, unhandledPromptBehavior: dismiss and notify, webauthn:virtualAuthenticators: true}\nSession ID: aba4e1c2d81e772ad2fc448eb08a2854\n\tat sun.reflect.NativeConstructorAccessorImpl.newInstance0(Native Method)\n\tat sun.reflect.NativeConstructorAccessorImpl.newInstance(NativeConstructorAccessorImpl.java:62)\n\tat sun.reflect.DelegatingConstructorAccessorImpl.newInstance(DelegatingConstructorAccessorImpl.java:45)\n\tat java.lang.reflect.Constructor.newInstance(Constructor.java:423)\n\tat org.openqa.selenium.remote.http.W3CHttpResponseCodec.createException(W3CHttpResponseCodec.java:187)\n\tat org.openqa.selenium.remote.http.W3CHttpResponseCodec.decode(W3CHttpResponseCodec.java:122)\n\tat org.openqa.selenium.remote.http.W3CHttpResponseCodec.decode(W3CHttpResponseCodec.java:49)\n\tat org.openqa.selenium.remote.HttpCommandExecutor.execute(HttpCommandExecutor.java:158)\n\tat org.openqa.selenium.remote.service.DriverCommandExecutor.execute(DriverCommandExecutor.java:83)\n\tat org.openqa.selenium.remote.RemoteWebDriver.execute(RemoteWebDriver.java:552)\n\tat org.openqa.selenium.remote.RemoteWebDriver.execute(RemoteWebDriver.java:609)\n\tat org.openqa.selenium.remote.RemoteWebDriver$RemoteWebDriverOptions$RemoteWindow.maximize(RemoteWebDriver.java:837)\n\tat utilities.Driver.getDriver(Driver.java:58)\n\tat pages.Userstory14.\u003cinit\u003e(Userstory14.java:12)\n\tat stepdefinitions.US_14.\u003cinit\u003e(US_14.java:13)\n\t... 38 more\n",
              "duration": 11000000,
              "status": "failed"
            },
            "line": 4,
            "name": "User go to the sign in page",
            "match": {
              "location": "stepdefinitions.US_14.user_go_to_the_sign_in_page()"
            },
            "keyword": "Given "
          },
          {
            "result": {
              "duration": 1000000,
              "status": "skipped"
            },
            "line": 5,
            "name": "User type username and password than click on sign in button",
            "match": {
              "location": "stepdefinitions.US_14.user_type_username_and_password_than_click_on_sign_in_button()"
            },
            "keyword": "When "
          },
          {
            "result": {
              "duration": 1000000,
              "status": "skipped"
            },
            "line": 6,
            "name": "User click on \" My Operations \" dropdown menu",
            "match": {
              "arguments": [
                {
                  "val": "\" My Operations \"",
                  "offset": 14
                }
              ],
              "location": "stepdefinitions.US_14.user_click_on_dropdown_menu(java.lang.String)"
            },
            "keyword": "And "
          },
          {
            "result": {
              "duration": 1000000,
              "status": "skipped"
            },
            "line": 7,
            "name": "User click on \"Manage Accounts\"",
            "match": {
              "arguments": [
                {
                  "val": "\"Manage Accounts\"",
                  "offset": 14
                }
              ],
              "location": "stepdefinitions.US_14.user_click_on(java.lang.String)"
            },
            "keyword": "Then "
>>>>>>> master
          }
        ]
      },
      {
<<<<<<< HEAD
        "start_timestamp": "2020-11-15T03:15:52.709Z",
        "line": 10,
        "name": "",
        "description": "",
        "id": "gmibank-registration-functionality;",
=======
        "start_timestamp": "2020-11-15T03:21:15.131Z",
        "line": 30,
        "name": "User writes the date as month,day,year,hour and minute",
        "description": "",
        "id": "user-can-manage-accounts;user-writes-the-date-as-month-day-year-hour-and-minute",
>>>>>>> master
        "type": "scenario",
        "keyword": "Scenario",
        "steps": [
          {
            "result": {
<<<<<<< HEAD
              "duration": 427000000,
              "status": "passed"
            },
            "line": 11,
            "name": "User enters an SSN number and SSN number has -",
            "match": {
              "location": "stepdefinitions.US002_TC2.userEntersAnSSNNumberAndSSNNumberHas()"
=======
              "duration": 4000000,
              "status": "skipped"
            },
            "line": 31,
            "name": "User click on \"Manage Accounts\"",
            "match": {
              "arguments": [
                {
                  "val": "\"Manage Accounts\"",
                  "offset": 14
                }
              ],
              "location": "stepdefinitions.US_14.user_click_on(java.lang.String)"
>>>>>>> master
            },
            "keyword": "Given "
          },
          {
            "result": {
<<<<<<< HEAD
              "duration": 7366000000,
              "status": "passed"
            },
            "line": 12,
            "name": "User shouldn\u0027t see invalid SSN message",
            "match": {
              "location": "stepdefinitions.US002_TC2.userShouldnTSeeInvalidSSNMessage()"
            },
            "keyword": "Then "
          }
        ],
        "tags": [
          {
            "name": "@AC_002"
          },
          {
            "name": "@TC003"
=======
              "duration": 2000000,
              "status": "skipped"
            },
            "line": 32,
            "name": "User Click on \"+Create a new Account\"",
            "match": {
              "arguments": [
                {
                  "val": "\"+Create a new Account\"",
                  "offset": 14
                }
              ],
              "location": "stepdefinitions.US_14.user_Click_on(java.lang.String)"
            },
            "keyword": "When "
          },
          {
            "result": {
              "duration": 2000000,
              "status": "skipped"
            },
            "line": 33,
            "name": "User writes the date as month,day,year",
            "match": {
              "location": "stepdefinitions.US_14.user_writes_the_date_as_month_day_year()"
            },
            "keyword": "And "
          },
          {
            "result": {
              "duration": 1000000,
              "status": "skipped"
            },
            "line": 34,
            "name": "Click on the Create Date textbox",
            "match": {
              "location": "stepdefinitions.US_14.click_on_the_Create_Date_textbox()"
            },
            "keyword": "And "
          },
          {
            "result": {
              "duration": 1000000,
              "status": "skipped"
            },
            "line": 35,
            "name": "type date as month,day,year",
            "match": {
              "location": "stepdefinitions.US_14.type_date_as_month_day_year()"
            },
            "keyword": "Then "
          }
        ],
        "tags": [
          {
            "name": "@US_14"
          },
          {
            "name": "@TC_4"
>>>>>>> master
          }
        ]
      },
      {
<<<<<<< HEAD
        "line": 6,
        "name": "",
=======
        "line": 3,
        "name": "User goes my operations dropdown and clicks the \"manage accounts\"",
>>>>>>> master
        "description": "",
        "type": "background",
        "keyword": "Background",
        "steps": [
          {
            "result": {
<<<<<<< HEAD
              "error_message": "io.cucumber.core.exception.CucumberException: Failed to instantiate class stepdefinitions.US002_TC2\r\n\tat io.cucumber.core.runtime.ObjectFactoryServiceLoader$DefaultJavaObjectFactory.cacheNewInstance(ObjectFactoryServiceLoader.java:135)\r\n\tat io.cucumber.core.runtime.ObjectFactoryServiceLoader$DefaultJavaObjectFactory.getInstance(ObjectFactoryServiceLoader.java:121)\r\n\tat io.cucumber.java.JavaStepDefinition.execute(JavaStepDefinition.java:27)\r\n\tat io.cucumber.core.runner.PickleStepDefinitionMatch.runStep(PickleStepDefinitionMatch.java:63)\r\n\tat io.cucumber.core.runner.TestStep.executeStep(TestStep.java:64)\r\n\tat io.cucumber.core.runner.TestStep.run(TestStep.java:49)\r\n\tat io.cucumber.core.runner.PickleStepTestStep.run(PickleStepTestStep.java:46)\r\n\tat io.cucumber.core.runner.TestCase.run(TestCase.java:51)\r\n\tat io.cucumber.core.runner.Runner.runPickle(Runner.java:67)\r\n\tat io.cucumber.junit.PickleRunners$NoStepDescriptions.run(PickleRunners.java:149)\r\n\tat io.cucumber.junit.FeatureRunner.runChild(FeatureRunner.java:83)\r\n\tat io.cucumber.junit.FeatureRunner.runChild(FeatureRunner.java:24)\r\n\tat org.junit.runners.ParentRunner$4.run(ParentRunner.java:331)\r\n\tat org.junit.runners.ParentRunner$1.schedule(ParentRunner.java:79)\r\n\tat org.junit.runners.ParentRunner.runChildren(ParentRunner.java:329)\r\n\tat org.junit.runners.ParentRunner.access$100(ParentRunner.java:66)\r\n\tat org.junit.runners.ParentRunner$2.evaluate(ParentRunner.java:293)\r\n\tat org.junit.runners.ParentRunner$3.evaluate(ParentRunner.java:306)\r\n\tat org.junit.runners.ParentRunner.run(ParentRunner.java:413)\r\n\tat io.cucumber.junit.Cucumber.runChild(Cucumber.java:185)\r\n\tat io.cucumber.junit.Cucumber.runChild(Cucumber.java:83)\r\n\tat org.junit.runners.ParentRunner$4.run(ParentRunner.java:331)\r\n\tat org.junit.runners.ParentRunner$1.schedule(ParentRunner.java:79)\r\n\tat org.junit.runners.ParentRunner.runChildren(ParentRunner.java:329)\r\n\tat org.junit.runners.ParentRunner.access$100(ParentRunner.java:66)\r\n\tat org.junit.runners.ParentRunner$2.evaluate(ParentRunner.java:293)\r\n\tat io.cucumber.junit.Cucumber$RunCucumber.evaluate(Cucumber.java:219)\r\n\tat org.junit.runners.ParentRunner$3.evaluate(ParentRunner.java:306)\r\n\tat org.junit.runners.ParentRunner.run(ParentRunner.java:413)\r\n\tat org.junit.runner.JUnitCore.run(JUnitCore.java:137)\r\n\tat com.intellij.junit4.JUnit4IdeaTestRunner.startRunnerWithArgs(JUnit4IdeaTestRunner.java:68)\r\n\tat com.intellij.rt.junit.IdeaTestRunner$Repeater.startRunnerWithArgs(IdeaTestRunner.java:33)\r\n\tat com.intellij.rt.junit.JUnitStarter.prepareStreamsAndStart(JUnitStarter.java:230)\r\n\tat com.intellij.rt.junit.JUnitStarter.main(JUnitStarter.java:58)\r\nCaused by: java.lang.reflect.InvocationTargetException\r\n\tat sun.reflect.NativeConstructorAccessorImpl.newInstance0(Native Method)\r\n\tat sun.reflect.NativeConstructorAccessorImpl.newInstance(NativeConstructorAccessorImpl.java:62)\r\n\tat sun.reflect.DelegatingConstructorAccessorImpl.newInstance(DelegatingConstructorAccessorImpl.java:45)\r\n\tat java.lang.reflect.Constructor.newInstance(Constructor.java:423)\r\n\tat io.cucumber.core.runtime.ObjectFactoryServiceLoader$DefaultJavaObjectFactory.cacheNewInstance(ObjectFactoryServiceLoader.java:129)\r\n\t... 33 more\r\nCaused by: org.openqa.selenium.NoSuchWindowException: no such window: target window already closed\nfrom unknown error: web view not found\n  (Session info: chrome\u003d86.0.4240.198)\nBuild info: version: \u00273.141.59\u0027, revision: \u0027e82be7d358\u0027, time: \u00272018-11-14T08:17:03\u0027\nSystem info: host: \u0027HILALPC\u0027, ip: \u0027192.168.0.113\u0027, os.name: \u0027Windows 10\u0027, os.arch: \u0027amd64\u0027, os.version: \u002710.0\u0027, java.version: \u00271.8.0_261\u0027\nDriver info: org.openqa.selenium.chrome.ChromeDriver\nCapabilities {acceptInsecureCerts: false, browserName: chrome, browserVersion: 86.0.4240.198, chrome: {chromedriverVersion: 86.0.4240.22 (398b0743353ff..., userDataDir: C:\\Users\\hilal\\AppData\\Loca...}, goog:chromeOptions: {debuggerAddress: localhost:65185}, javascriptEnabled: true, networkConnectionEnabled: false, pageLoadStrategy: normal, platform: WINDOWS, platformName: WINDOWS, proxy: Proxy(), setWindowRect: true, strictFileInteractability: false, timeouts: {implicit: 0, pageLoad: 300000, script: 30000}, unhandledPromptBehavior: dismiss and notify, webauthn:virtualAuthenticators: true}\nSession ID: 001978d94af2e2e21c0943c51a24e6f0\r\n\tat sun.reflect.NativeConstructorAccessorImpl.newInstance0(Native Method)\r\n\tat sun.reflect.NativeConstructorAccessorImpl.newInstance(NativeConstructorAccessorImpl.java:62)\r\n\tat sun.reflect.DelegatingConstructorAccessorImpl.newInstance(DelegatingConstructorAccessorImpl.java:45)\r\n\tat java.lang.reflect.Constructor.newInstance(Constructor.java:423)\r\n\tat org.openqa.selenium.remote.http.W3CHttpResponseCodec.createException(W3CHttpResponseCodec.java:187)\r\n\tat org.openqa.selenium.remote.http.W3CHttpResponseCodec.decode(W3CHttpResponseCodec.java:122)\r\n\tat org.openqa.selenium.remote.http.W3CHttpResponseCodec.decode(W3CHttpResponseCodec.java:49)\r\n\tat org.openqa.selenium.remote.HttpCommandExecutor.execute(HttpCommandExecutor.java:158)\r\n\tat org.openqa.selenium.remote.service.DriverCommandExecutor.execute(DriverCommandExecutor.java:83)\r\n\tat org.openqa.selenium.remote.RemoteWebDriver.execute(RemoteWebDriver.java:552)\r\n\tat org.openqa.selenium.remote.RemoteWebDriver.execute(RemoteWebDriver.java:609)\r\n\tat org.openqa.selenium.remote.RemoteWebDriver$RemoteWebDriverOptions$RemoteWindow.maximize(RemoteWebDriver.java:837)\r\n\tat utilities.Driver.getDriver(Driver.java:58)\r\n\tat pages.RegistrationPage.\u003cinit\u003e(RegistrationPage.java:11)\r\n\tat stepdefinitions.US002_TC2.\u003cinit\u003e(US002_TC2.java:13)\r\n\t... 38 more\r\n",
              "duration": 46000000,
              "status": "failed"
            },
            "line": 7,
            "name": "User is on the registration page",
            "match": {
              "location": "stepdefinitions.US002_TC2.userIsOnTheRegistrationPage()"
            },
            "keyword": "Given "
=======
              "error_message": "io.cucumber.core.exception.CucumberException: Failed to instantiate class stepdefinitions.US_14\n\tat io.cucumber.core.runtime.ObjectFactoryServiceLoader$DefaultJavaObjectFactory.cacheNewInstance(ObjectFactoryServiceLoader.java:135)\n\tat io.cucumber.core.runtime.ObjectFactoryServiceLoader$DefaultJavaObjectFactory.getInstance(ObjectFactoryServiceLoader.java:121)\n\tat io.cucumber.java.JavaStepDefinition.execute(JavaStepDefinition.java:27)\n\tat io.cucumber.core.runner.PickleStepDefinitionMatch.runStep(PickleStepDefinitionMatch.java:63)\n\tat io.cucumber.core.runner.TestStep.executeStep(TestStep.java:64)\n\tat io.cucumber.core.runner.TestStep.run(TestStep.java:49)\n\tat io.cucumber.core.runner.PickleStepTestStep.run(PickleStepTestStep.java:46)\n\tat io.cucumber.core.runner.TestCase.run(TestCase.java:51)\n\tat io.cucumber.core.runner.Runner.runPickle(Runner.java:67)\n\tat io.cucumber.junit.PickleRunners$NoStepDescriptions.run(PickleRunners.java:149)\n\tat io.cucumber.junit.FeatureRunner.runChild(FeatureRunner.java:83)\n\tat io.cucumber.junit.FeatureRunner.runChild(FeatureRunner.java:24)\n\tat org.junit.runners.ParentRunner$4.run(ParentRunner.java:331)\n\tat org.junit.runners.ParentRunner$1.schedule(ParentRunner.java:79)\n\tat org.junit.runners.ParentRunner.runChildren(ParentRunner.java:329)\n\tat org.junit.runners.ParentRunner.access$100(ParentRunner.java:66)\n\tat org.junit.runners.ParentRunner$2.evaluate(ParentRunner.java:293)\n\tat org.junit.runners.ParentRunner$3.evaluate(ParentRunner.java:306)\n\tat org.junit.runners.ParentRunner.run(ParentRunner.java:413)\n\tat io.cucumber.junit.Cucumber.runChild(Cucumber.java:185)\n\tat io.cucumber.junit.Cucumber.runChild(Cucumber.java:83)\n\tat org.junit.runners.ParentRunner$4.run(ParentRunner.java:331)\n\tat org.junit.runners.ParentRunner$1.schedule(ParentRunner.java:79)\n\tat org.junit.runners.ParentRunner.runChildren(ParentRunner.java:329)\n\tat org.junit.runners.ParentRunner.access$100(ParentRunner.java:66)\n\tat org.junit.runners.ParentRunner$2.evaluate(ParentRunner.java:293)\n\tat io.cucumber.junit.Cucumber$RunCucumber.evaluate(Cucumber.java:219)\n\tat org.junit.runners.ParentRunner$3.evaluate(ParentRunner.java:306)\n\tat org.junit.runners.ParentRunner.run(ParentRunner.java:413)\n\tat org.junit.runner.JUnitCore.run(JUnitCore.java:137)\n\tat com.intellij.junit4.JUnit4IdeaTestRunner.startRunnerWithArgs(JUnit4IdeaTestRunner.java:68)\n\tat com.intellij.rt.junit.IdeaTestRunner$Repeater.startRunnerWithArgs(IdeaTestRunner.java:33)\n\tat com.intellij.rt.junit.JUnitStarter.prepareStreamsAndStart(JUnitStarter.java:230)\n\tat com.intellij.rt.junit.JUnitStarter.main(JUnitStarter.java:58)\nCaused by: java.lang.reflect.InvocationTargetException\n\tat sun.reflect.NativeConstructorAccessorImpl.newInstance0(Native Method)\n\tat sun.reflect.NativeConstructorAccessorImpl.newInstance(NativeConstructorAccessorImpl.java:62)\n\tat sun.reflect.DelegatingConstructorAccessorImpl.newInstance(DelegatingConstructorAccessorImpl.java:45)\n\tat java.lang.reflect.Constructor.newInstance(Constructor.java:423)\n\tat io.cucumber.core.runtime.ObjectFactoryServiceLoader$DefaultJavaObjectFactory.cacheNewInstance(ObjectFactoryServiceLoader.java:129)\n\t... 33 more\nCaused by: org.openqa.selenium.NoSuchWindowException: no such window: target window already closed\nfrom unknown error: web view not found\n  (Session info: chrome\u003d86.0.4240.193)\nBuild info: version: \u00273.141.59\u0027, revision: \u0027e82be7d358\u0027, time: \u00272018-11-14T08:17:03\u0027\nSystem info: host: \u0027apple-MacBook-Pro.local\u0027, ip: \u0027fe80:0:0:0:8fd:cd3d:c619:6e13%en0\u0027, os.name: \u0027Mac OS X\u0027, os.arch: \u0027x86_64\u0027, os.version: \u002710.15.7\u0027, java.version: \u00271.8.0_251\u0027\nDriver info: org.openqa.selenium.chrome.ChromeDriver\nCapabilities {acceptInsecureCerts: false, browserName: chrome, browserVersion: 86.0.4240.193, chrome: {chromedriverVersion: 86.0.4240.22 (398b0743353ff..., userDataDir: /var/folders/dl/rf5qc1mj2jq...}, goog:chromeOptions: {debuggerAddress: localhost:63904}, javascriptEnabled: true, networkConnectionEnabled: false, pageLoadStrategy: normal, platform: MAC, platformName: MAC, proxy: Proxy(), setWindowRect: true, strictFileInteractability: false, timeouts: {implicit: 0, pageLoad: 300000, script: 30000}, unhandledPromptBehavior: dismiss and notify, webauthn:virtualAuthenticators: true}\nSession ID: aba4e1c2d81e772ad2fc448eb08a2854\n\tat sun.reflect.NativeConstructorAccessorImpl.newInstance0(Native Method)\n\tat sun.reflect.NativeConstructorAccessorImpl.newInstance(NativeConstructorAccessorImpl.java:62)\n\tat sun.reflect.DelegatingConstructorAccessorImpl.newInstance(DelegatingConstructorAccessorImpl.java:45)\n\tat java.lang.reflect.Constructor.newInstance(Constructor.java:423)\n\tat org.openqa.selenium.remote.http.W3CHttpResponseCodec.createException(W3CHttpResponseCodec.java:187)\n\tat org.openqa.selenium.remote.http.W3CHttpResponseCodec.decode(W3CHttpResponseCodec.java:122)\n\tat org.openqa.selenium.remote.http.W3CHttpResponseCodec.decode(W3CHttpResponseCodec.java:49)\n\tat org.openqa.selenium.remote.HttpCommandExecutor.execute(HttpCommandExecutor.java:158)\n\tat org.openqa.selenium.remote.service.DriverCommandExecutor.execute(DriverCommandExecutor.java:83)\n\tat org.openqa.selenium.remote.RemoteWebDriver.execute(RemoteWebDriver.java:552)\n\tat org.openqa.selenium.remote.RemoteWebDriver.execute(RemoteWebDriver.java:609)\n\tat org.openqa.selenium.remote.RemoteWebDriver$RemoteWebDriverOptions$RemoteWindow.maximize(RemoteWebDriver.java:837)\n\tat utilities.Driver.getDriver(Driver.java:58)\n\tat pages.Userstory14.\u003cinit\u003e(Userstory14.java:12)\n\tat stepdefinitions.US_14.\u003cinit\u003e(US_14.java:13)\n\t... 38 more\n",
              "duration": 10000000,
              "status": "failed"
            },
            "line": 4,
            "name": "User go to the sign in page",
            "match": {
              "location": "stepdefinitions.US_14.user_go_to_the_sign_in_page()"
            },
            "keyword": "Given "
          },
          {
            "result": {
              "status": "skipped"
            },
            "line": 5,
            "name": "User type username and password than click on sign in button",
            "match": {
              "location": "stepdefinitions.US_14.user_type_username_and_password_than_click_on_sign_in_button()"
            },
            "keyword": "When "
          },
          {
            "result": {
              "duration": 1000000,
              "status": "skipped"
            },
            "line": 6,
            "name": "User click on \" My Operations \" dropdown menu",
            "match": {
              "arguments": [
                {
                  "val": "\" My Operations \"",
                  "offset": 14
                }
              ],
              "location": "stepdefinitions.US_14.user_click_on_dropdown_menu(java.lang.String)"
            },
            "keyword": "And "
          },
          {
            "result": {
              "duration": 1000000,
              "status": "skipped"
            },
            "line": 7,
            "name": "User click on \"Manage Accounts\"",
            "match": {
              "arguments": [
                {
                  "val": "\"Manage Accounts\"",
                  "offset": 14
                }
              ],
              "location": "stepdefinitions.US_14.user_click_on(java.lang.String)"
            },
            "keyword": "Then "
>>>>>>> master
          }
        ]
      },
      {
<<<<<<< HEAD
        "start_timestamp": "2020-11-15T03:16:10.300Z",
        "line": 15,
        "name": "",
        "description": "",
        "id": "gmibank-registration-functionality;",
=======
        "start_timestamp": "2020-11-15T03:21:15.184Z",
        "line": 38,
        "name": "User can choose a user from the registration and it cannot be blank",
        "description": "",
        "id": "user-can-manage-accounts;user-can-choose-a-user-from-the-registration-and-it-cannot-be-blank",
>>>>>>> master
        "type": "scenario",
        "keyword": "Scenario",
        "steps": [
          {
            "result": {
<<<<<<< HEAD
              "duration": 1000000,
              "status": "skipped"
            },
            "line": 16,
            "name": "User enters an SSN number and SSN number contains a char",
            "match": {
              "location": "stepdefinitions.US002_TC2.userEntersAnSSNNumberAndSSNNumberContainsAChar()"
=======
              "duration": 1000000,
              "status": "skipped"
            },
            "line": 39,
            "name": "User Click on \"Manage Customer\"",
            "match": {
              "arguments": [
                {
                  "val": "\"Manage Customer\"",
                  "offset": 14
                }
              ],
              "location": "stepdefinitions.US_14.user_Click_on(java.lang.String)"
            },
            "keyword": "Given "
          },
          {
            "result": {
              "duration": 1000000,
              "status": "skipped"
            },
            "line": 40,
            "name": "Click on \"+Create a new Custumer\"",
            "match": {
              "arguments": [
                {
                  "val": "\"+Create a new Custumer\"",
                  "offset": 9
                }
              ],
              "location": "stepdefinitions.US_14.click_on(java.lang.String)"
            },
            "keyword": "And "
          },
          {
            "result": {
              "duration": 1000000,
              "status": "skipped"
            },
            "line": 41,
            "name": "Click on the \"SSN\" textbox and type a valid SSN number and Click on the Search button",
            "match": {
              "arguments": [
                {
                  "val": "\"SSN\"",
                  "offset": 13
                }
              ],
              "location": "stepdefinitions.US_14.click_on_the_textbox_and_type_a_valid_SSN_number_and_Click_on_the_Search_button(java.lang.String)"
>>>>>>> master
            },
            "keyword": "When "
          },
          {
            "result": {
              "duration": 1000000,
              "status": "skipped"
            },
<<<<<<< HEAD
            "line": 17,
            "name": "User should see invalid SSN message",
            "match": {
              "location": "stepdefinitions.US002_TC2.userShouldSeeInvalidSSNMessage()"
=======
            "line": 42,
            "name": "User textbox should not be blank",
            "match": {
              "location": "stepdefinitions.US_14.user_textbox_should_not_be_blank()"
>>>>>>> master
            },
            "keyword": "Then "
          }
        ],
        "tags": [
          {
<<<<<<< HEAD
            "name": "@AC_002"
          },
          {
            "name": "@TC004"
=======
            "name": "@US_14"
          },
          {
            "name": "@TC_5"
>>>>>>> master
          }
        ]
      },
      {
<<<<<<< HEAD
        "line": 6,
        "name": "",
=======
        "line": 3,
        "name": "User goes my operations dropdown and clicks the \"manage accounts\"",
>>>>>>> master
        "description": "",
        "type": "background",
        "keyword": "Background",
        "steps": [
          {
            "result": {
<<<<<<< HEAD
              "error_message": "io.cucumber.core.exception.CucumberException: Failed to instantiate class stepdefinitions.US002_TC2\r\n\tat io.cucumber.core.runtime.ObjectFactoryServiceLoader$DefaultJavaObjectFactory.cacheNewInstance(ObjectFactoryServiceLoader.java:135)\r\n\tat io.cucumber.core.runtime.ObjectFactoryServiceLoader$DefaultJavaObjectFactory.getInstance(ObjectFactoryServiceLoader.java:121)\r\n\tat io.cucumber.java.JavaStepDefinition.execute(JavaStepDefinition.java:27)\r\n\tat io.cucumber.core.runner.PickleStepDefinitionMatch.runStep(PickleStepDefinitionMatch.java:63)\r\n\tat io.cucumber.core.runner.TestStep.executeStep(TestStep.java:64)\r\n\tat io.cucumber.core.runner.TestStep.run(TestStep.java:49)\r\n\tat io.cucumber.core.runner.PickleStepTestStep.run(PickleStepTestStep.java:46)\r\n\tat io.cucumber.core.runner.TestCase.run(TestCase.java:51)\r\n\tat io.cucumber.core.runner.Runner.runPickle(Runner.java:67)\r\n\tat io.cucumber.junit.PickleRunners$NoStepDescriptions.run(PickleRunners.java:149)\r\n\tat io.cucumber.junit.FeatureRunner.runChild(FeatureRunner.java:83)\r\n\tat io.cucumber.junit.FeatureRunner.runChild(FeatureRunner.java:24)\r\n\tat org.junit.runners.ParentRunner$4.run(ParentRunner.java:331)\r\n\tat org.junit.runners.ParentRunner$1.schedule(ParentRunner.java:79)\r\n\tat org.junit.runners.ParentRunner.runChildren(ParentRunner.java:329)\r\n\tat org.junit.runners.ParentRunner.access$100(ParentRunner.java:66)\r\n\tat org.junit.runners.ParentRunner$2.evaluate(ParentRunner.java:293)\r\n\tat org.junit.runners.ParentRunner$3.evaluate(ParentRunner.java:306)\r\n\tat org.junit.runners.ParentRunner.run(ParentRunner.java:413)\r\n\tat io.cucumber.junit.Cucumber.runChild(Cucumber.java:185)\r\n\tat io.cucumber.junit.Cucumber.runChild(Cucumber.java:83)\r\n\tat org.junit.runners.ParentRunner$4.run(ParentRunner.java:331)\r\n\tat org.junit.runners.ParentRunner$1.schedule(ParentRunner.java:79)\r\n\tat org.junit.runners.ParentRunner.runChildren(ParentRunner.java:329)\r\n\tat org.junit.runners.ParentRunner.access$100(ParentRunner.java:66)\r\n\tat org.junit.runners.ParentRunner$2.evaluate(ParentRunner.java:293)\r\n\tat io.cucumber.junit.Cucumber$RunCucumber.evaluate(Cucumber.java:219)\r\n\tat org.junit.runners.ParentRunner$3.evaluate(ParentRunner.java:306)\r\n\tat org.junit.runners.ParentRunner.run(ParentRunner.java:413)\r\n\tat org.junit.runner.JUnitCore.run(JUnitCore.java:137)\r\n\tat com.intellij.junit4.JUnit4IdeaTestRunner.startRunnerWithArgs(JUnit4IdeaTestRunner.java:68)\r\n\tat com.intellij.rt.junit.IdeaTestRunner$Repeater.startRunnerWithArgs(IdeaTestRunner.java:33)\r\n\tat com.intellij.rt.junit.JUnitStarter.prepareStreamsAndStart(JUnitStarter.java:230)\r\n\tat com.intellij.rt.junit.JUnitStarter.main(JUnitStarter.java:58)\r\nCaused by: java.lang.reflect.InvocationTargetException\r\n\tat sun.reflect.NativeConstructorAccessorImpl.newInstance0(Native Method)\r\n\tat sun.reflect.NativeConstructorAccessorImpl.newInstance(NativeConstructorAccessorImpl.java:62)\r\n\tat sun.reflect.DelegatingConstructorAccessorImpl.newInstance(DelegatingConstructorAccessorImpl.java:45)\r\n\tat java.lang.reflect.Constructor.newInstance(Constructor.java:423)\r\n\tat io.cucumber.core.runtime.ObjectFactoryServiceLoader$DefaultJavaObjectFactory.cacheNewInstance(ObjectFactoryServiceLoader.java:129)\r\n\t... 33 more\r\nCaused by: org.openqa.selenium.NoSuchWindowException: no such window: target window already closed\nfrom unknown error: web view not found\n  (Session info: chrome\u003d86.0.4240.198)\nBuild info: version: \u00273.141.59\u0027, revision: \u0027e82be7d358\u0027, time: \u00272018-11-14T08:17:03\u0027\nSystem info: host: \u0027HILALPC\u0027, ip: \u0027192.168.0.113\u0027, os.name: \u0027Windows 10\u0027, os.arch: \u0027amd64\u0027, os.version: \u002710.0\u0027, java.version: \u00271.8.0_261\u0027\nDriver info: org.openqa.selenium.chrome.ChromeDriver\nCapabilities {acceptInsecureCerts: false, browserName: chrome, browserVersion: 86.0.4240.198, chrome: {chromedriverVersion: 86.0.4240.22 (398b0743353ff..., userDataDir: C:\\Users\\hilal\\AppData\\Loca...}, goog:chromeOptions: {debuggerAddress: localhost:65185}, javascriptEnabled: true, networkConnectionEnabled: false, pageLoadStrategy: normal, platform: WINDOWS, platformName: WINDOWS, proxy: Proxy(), setWindowRect: true, strictFileInteractability: false, timeouts: {implicit: 0, pageLoad: 300000, script: 30000}, unhandledPromptBehavior: dismiss and notify, webauthn:virtualAuthenticators: true}\nSession ID: 001978d94af2e2e21c0943c51a24e6f0\r\n\tat sun.reflect.NativeConstructorAccessorImpl.newInstance0(Native Method)\r\n\tat sun.reflect.NativeConstructorAccessorImpl.newInstance(NativeConstructorAccessorImpl.java:62)\r\n\tat sun.reflect.DelegatingConstructorAccessorImpl.newInstance(DelegatingConstructorAccessorImpl.java:45)\r\n\tat java.lang.reflect.Constructor.newInstance(Constructor.java:423)\r\n\tat org.openqa.selenium.remote.http.W3CHttpResponseCodec.createException(W3CHttpResponseCodec.java:187)\r\n\tat org.openqa.selenium.remote.http.W3CHttpResponseCodec.decode(W3CHttpResponseCodec.java:122)\r\n\tat org.openqa.selenium.remote.http.W3CHttpResponseCodec.decode(W3CHttpResponseCodec.java:49)\r\n\tat org.openqa.selenium.remote.HttpCommandExecutor.execute(HttpCommandExecutor.java:158)\r\n\tat org.openqa.selenium.remote.service.DriverCommandExecutor.execute(DriverCommandExecutor.java:83)\r\n\tat org.openqa.selenium.remote.RemoteWebDriver.execute(RemoteWebDriver.java:552)\r\n\tat org.openqa.selenium.remote.RemoteWebDriver.execute(RemoteWebDriver.java:609)\r\n\tat org.openqa.selenium.remote.RemoteWebDriver$RemoteWebDriverOptions$RemoteWindow.maximize(RemoteWebDriver.java:837)\r\n\tat utilities.Driver.getDriver(Driver.java:58)\r\n\tat pages.RegistrationPage.\u003cinit\u003e(RegistrationPage.java:11)\r\n\tat stepdefinitions.US002_TC2.\u003cinit\u003e(US002_TC2.java:13)\r\n\t... 38 more\r\n",
              "duration": 37000000,
              "status": "failed"
            },
            "line": 7,
            "name": "User is on the registration page",
            "match": {
              "location": "stepdefinitions.US002_TC2.userIsOnTheRegistrationPage()"
            },
            "keyword": "Given "
          }
        ]
      },
      {
        "start_timestamp": "2020-11-15T03:16:10.401Z",
        "line": 20,
        "name": "",
        "description": "",
        "id": "gmibank-registration-functionality;",
        "type": "scenario",
        "keyword": "Scenario",
        "steps": [
          {
            "result": {
              "duration": 2000000,
              "status": "skipped"
            },
            "line": 21,
            "name": "User enters an SSN number and SSN number contains space",
            "match": {
              "location": "stepdefinitions.US002_TC2.userEntersAnSSNNumberAndSSNNumberContainsSpace()"
=======
              "error_message": "io.cucumber.core.exception.CucumberException: Failed to instantiate class stepdefinitions.US_14\n\tat io.cucumber.core.runtime.ObjectFactoryServiceLoader$DefaultJavaObjectFactory.cacheNewInstance(ObjectFactoryServiceLoader.java:135)\n\tat io.cucumber.core.runtime.ObjectFactoryServiceLoader$DefaultJavaObjectFactory.getInstance(ObjectFactoryServiceLoader.java:121)\n\tat io.cucumber.java.JavaStepDefinition.execute(JavaStepDefinition.java:27)\n\tat io.cucumber.core.runner.PickleStepDefinitionMatch.runStep(PickleStepDefinitionMatch.java:63)\n\tat io.cucumber.core.runner.TestStep.executeStep(TestStep.java:64)\n\tat io.cucumber.core.runner.TestStep.run(TestStep.java:49)\n\tat io.cucumber.core.runner.PickleStepTestStep.run(PickleStepTestStep.java:46)\n\tat io.cucumber.core.runner.TestCase.run(TestCase.java:51)\n\tat io.cucumber.core.runner.Runner.runPickle(Runner.java:67)\n\tat io.cucumber.junit.PickleRunners$NoStepDescriptions.run(PickleRunners.java:149)\n\tat io.cucumber.junit.FeatureRunner.runChild(FeatureRunner.java:83)\n\tat io.cucumber.junit.FeatureRunner.runChild(FeatureRunner.java:24)\n\tat org.junit.runners.ParentRunner$4.run(ParentRunner.java:331)\n\tat org.junit.runners.ParentRunner$1.schedule(ParentRunner.java:79)\n\tat org.junit.runners.ParentRunner.runChildren(ParentRunner.java:329)\n\tat org.junit.runners.ParentRunner.access$100(ParentRunner.java:66)\n\tat org.junit.runners.ParentRunner$2.evaluate(ParentRunner.java:293)\n\tat org.junit.runners.ParentRunner$3.evaluate(ParentRunner.java:306)\n\tat org.junit.runners.ParentRunner.run(ParentRunner.java:413)\n\tat io.cucumber.junit.Cucumber.runChild(Cucumber.java:185)\n\tat io.cucumber.junit.Cucumber.runChild(Cucumber.java:83)\n\tat org.junit.runners.ParentRunner$4.run(ParentRunner.java:331)\n\tat org.junit.runners.ParentRunner$1.schedule(ParentRunner.java:79)\n\tat org.junit.runners.ParentRunner.runChildren(ParentRunner.java:329)\n\tat org.junit.runners.ParentRunner.access$100(ParentRunner.java:66)\n\tat org.junit.runners.ParentRunner$2.evaluate(ParentRunner.java:293)\n\tat io.cucumber.junit.Cucumber$RunCucumber.evaluate(Cucumber.java:219)\n\tat org.junit.runners.ParentRunner$3.evaluate(ParentRunner.java:306)\n\tat org.junit.runners.ParentRunner.run(ParentRunner.java:413)\n\tat org.junit.runner.JUnitCore.run(JUnitCore.java:137)\n\tat com.intellij.junit4.JUnit4IdeaTestRunner.startRunnerWithArgs(JUnit4IdeaTestRunner.java:68)\n\tat com.intellij.rt.junit.IdeaTestRunner$Repeater.startRunnerWithArgs(IdeaTestRunner.java:33)\n\tat com.intellij.rt.junit.JUnitStarter.prepareStreamsAndStart(JUnitStarter.java:230)\n\tat com.intellij.rt.junit.JUnitStarter.main(JUnitStarter.java:58)\nCaused by: java.lang.reflect.InvocationTargetException\n\tat sun.reflect.NativeConstructorAccessorImpl.newInstance0(Native Method)\n\tat sun.reflect.NativeConstructorAccessorImpl.newInstance(NativeConstructorAccessorImpl.java:62)\n\tat sun.reflect.DelegatingConstructorAccessorImpl.newInstance(DelegatingConstructorAccessorImpl.java:45)\n\tat java.lang.reflect.Constructor.newInstance(Constructor.java:423)\n\tat io.cucumber.core.runtime.ObjectFactoryServiceLoader$DefaultJavaObjectFactory.cacheNewInstance(ObjectFactoryServiceLoader.java:129)\n\t... 33 more\nCaused by: org.openqa.selenium.NoSuchWindowException: no such window: target window already closed\nfrom unknown error: web view not found\n  (Session info: chrome\u003d86.0.4240.193)\nBuild info: version: \u00273.141.59\u0027, revision: \u0027e82be7d358\u0027, time: \u00272018-11-14T08:17:03\u0027\nSystem info: host: \u0027apple-MacBook-Pro.local\u0027, ip: \u0027fe80:0:0:0:8fd:cd3d:c619:6e13%en0\u0027, os.name: \u0027Mac OS X\u0027, os.arch: \u0027x86_64\u0027, os.version: \u002710.15.7\u0027, java.version: \u00271.8.0_251\u0027\nDriver info: org.openqa.selenium.chrome.ChromeDriver\nCapabilities {acceptInsecureCerts: false, browserName: chrome, browserVersion: 86.0.4240.193, chrome: {chromedriverVersion: 86.0.4240.22 (398b0743353ff..., userDataDir: /var/folders/dl/rf5qc1mj2jq...}, goog:chromeOptions: {debuggerAddress: localhost:63904}, javascriptEnabled: true, networkConnectionEnabled: false, pageLoadStrategy: normal, platform: MAC, platformName: MAC, proxy: Proxy(), setWindowRect: true, strictFileInteractability: false, timeouts: {implicit: 0, pageLoad: 300000, script: 30000}, unhandledPromptBehavior: dismiss and notify, webauthn:virtualAuthenticators: true}\nSession ID: aba4e1c2d81e772ad2fc448eb08a2854\n\tat sun.reflect.NativeConstructorAccessorImpl.newInstance0(Native Method)\n\tat sun.reflect.NativeConstructorAccessorImpl.newInstance(NativeConstructorAccessorImpl.java:62)\n\tat sun.reflect.DelegatingConstructorAccessorImpl.newInstance(DelegatingConstructorAccessorImpl.java:45)\n\tat java.lang.reflect.Constructor.newInstance(Constructor.java:423)\n\tat org.openqa.selenium.remote.http.W3CHttpResponseCodec.createException(W3CHttpResponseCodec.java:187)\n\tat org.openqa.selenium.remote.http.W3CHttpResponseCodec.decode(W3CHttpResponseCodec.java:122)\n\tat org.openqa.selenium.remote.http.W3CHttpResponseCodec.decode(W3CHttpResponseCodec.java:49)\n\tat org.openqa.selenium.remote.HttpCommandExecutor.execute(HttpCommandExecutor.java:158)\n\tat org.openqa.selenium.remote.service.DriverCommandExecutor.execute(DriverCommandExecutor.java:83)\n\tat org.openqa.selenium.remote.RemoteWebDriver.execute(RemoteWebDriver.java:552)\n\tat org.openqa.selenium.remote.RemoteWebDriver.execute(RemoteWebDriver.java:609)\n\tat org.openqa.selenium.remote.RemoteWebDriver$RemoteWebDriverOptions$RemoteWindow.maximize(RemoteWebDriver.java:837)\n\tat utilities.Driver.getDriver(Driver.java:58)\n\tat pages.Userstory14.\u003cinit\u003e(Userstory14.java:12)\n\tat stepdefinitions.US_14.\u003cinit\u003e(US_14.java:13)\n\t... 38 more\n",
              "duration": 13000000,
              "status": "failed"
            },
            "line": 4,
            "name": "User go to the sign in page",
            "match": {
              "location": "stepdefinitions.US_14.user_go_to_the_sign_in_page()"
            },
            "keyword": "Given "
          },
          {
            "result": {
              "status": "skipped"
            },
            "line": 5,
            "name": "User type username and password than click on sign in button",
            "match": {
              "location": "stepdefinitions.US_14.user_type_username_and_password_than_click_on_sign_in_button()"
>>>>>>> master
            },
            "keyword": "When "
          },
          {
            "result": {
              "duration": 1000000,
              "status": "skipped"
            },
<<<<<<< HEAD
            "line": 22,
            "name": "User should see invalid SSN message",
            "match": {
              "location": "stepdefinitions.US002_TC2.userShouldSeeInvalidSSNMessage()"
=======
            "line": 6,
            "name": "User click on \" My Operations \" dropdown menu",
            "match": {
              "arguments": [
                {
                  "val": "\" My Operations \"",
                  "offset": 14
                }
              ],
              "location": "stepdefinitions.US_14.user_click_on_dropdown_menu(java.lang.String)"
>>>>>>> master
            },
            "keyword": "Then "
          }
        ],
        "tags": [
          {
<<<<<<< HEAD
            "name": "@AC_002"
          },
          {
            "name": "@TC005"
          }
        ]
      },
      {
        "line": 6,
        "name": "",
        "description": "",
        "type": "background",
        "keyword": "Background",
        "steps": [
          {
            "result": {
              "error_message": "io.cucumber.core.exception.CucumberException: Failed to instantiate class stepdefinitions.US002_TC2\r\n\tat io.cucumber.core.runtime.ObjectFactoryServiceLoader$DefaultJavaObjectFactory.cacheNewInstance(ObjectFactoryServiceLoader.java:135)\r\n\tat io.cucumber.core.runtime.ObjectFactoryServiceLoader$DefaultJavaObjectFactory.getInstance(ObjectFactoryServiceLoader.java:121)\r\n\tat io.cucumber.java.JavaStepDefinition.execute(JavaStepDefinition.java:27)\r\n\tat io.cucumber.core.runner.PickleStepDefinitionMatch.runStep(PickleStepDefinitionMatch.java:63)\r\n\tat io.cucumber.core.runner.TestStep.executeStep(TestStep.java:64)\r\n\tat io.cucumber.core.runner.TestStep.run(TestStep.java:49)\r\n\tat io.cucumber.core.runner.PickleStepTestStep.run(PickleStepTestStep.java:46)\r\n\tat io.cucumber.core.runner.TestCase.run(TestCase.java:51)\r\n\tat io.cucumber.core.runner.Runner.runPickle(Runner.java:67)\r\n\tat io.cucumber.junit.PickleRunners$NoStepDescriptions.run(PickleRunners.java:149)\r\n\tat io.cucumber.junit.FeatureRunner.runChild(FeatureRunner.java:83)\r\n\tat io.cucumber.junit.FeatureRunner.runChild(FeatureRunner.java:24)\r\n\tat org.junit.runners.ParentRunner$4.run(ParentRunner.java:331)\r\n\tat org.junit.runners.ParentRunner$1.schedule(ParentRunner.java:79)\r\n\tat org.junit.runners.ParentRunner.runChildren(ParentRunner.java:329)\r\n\tat org.junit.runners.ParentRunner.access$100(ParentRunner.java:66)\r\n\tat org.junit.runners.ParentRunner$2.evaluate(ParentRunner.java:293)\r\n\tat org.junit.runners.ParentRunner$3.evaluate(ParentRunner.java:306)\r\n\tat org.junit.runners.ParentRunner.run(ParentRunner.java:413)\r\n\tat io.cucumber.junit.Cucumber.runChild(Cucumber.java:185)\r\n\tat io.cucumber.junit.Cucumber.runChild(Cucumber.java:83)\r\n\tat org.junit.runners.ParentRunner$4.run(ParentRunner.java:331)\r\n\tat org.junit.runners.ParentRunner$1.schedule(ParentRunner.java:79)\r\n\tat org.junit.runners.ParentRunner.runChildren(ParentRunner.java:329)\r\n\tat org.junit.runners.ParentRunner.access$100(ParentRunner.java:66)\r\n\tat org.junit.runners.ParentRunner$2.evaluate(ParentRunner.java:293)\r\n\tat io.cucumber.junit.Cucumber$RunCucumber.evaluate(Cucumber.java:219)\r\n\tat org.junit.runners.ParentRunner$3.evaluate(ParentRunner.java:306)\r\n\tat org.junit.runners.ParentRunner.run(ParentRunner.java:413)\r\n\tat org.junit.runner.JUnitCore.run(JUnitCore.java:137)\r\n\tat com.intellij.junit4.JUnit4IdeaTestRunner.startRunnerWithArgs(JUnit4IdeaTestRunner.java:68)\r\n\tat com.intellij.rt.junit.IdeaTestRunner$Repeater.startRunnerWithArgs(IdeaTestRunner.java:33)\r\n\tat com.intellij.rt.junit.JUnitStarter.prepareStreamsAndStart(JUnitStarter.java:230)\r\n\tat com.intellij.rt.junit.JUnitStarter.main(JUnitStarter.java:58)\r\nCaused by: java.lang.reflect.InvocationTargetException\r\n\tat sun.reflect.NativeConstructorAccessorImpl.newInstance0(Native Method)\r\n\tat sun.reflect.NativeConstructorAccessorImpl.newInstance(NativeConstructorAccessorImpl.java:62)\r\n\tat sun.reflect.DelegatingConstructorAccessorImpl.newInstance(DelegatingConstructorAccessorImpl.java:45)\r\n\tat java.lang.reflect.Constructor.newInstance(Constructor.java:423)\r\n\tat io.cucumber.core.runtime.ObjectFactoryServiceLoader$DefaultJavaObjectFactory.cacheNewInstance(ObjectFactoryServiceLoader.java:129)\r\n\t... 33 more\r\nCaused by: org.openqa.selenium.NoSuchWindowException: no such window: target window already closed\nfrom unknown error: web view not found\n  (Session info: chrome\u003d86.0.4240.198)\nBuild info: version: \u00273.141.59\u0027, revision: \u0027e82be7d358\u0027, time: \u00272018-11-14T08:17:03\u0027\nSystem info: host: \u0027HILALPC\u0027, ip: \u0027192.168.0.113\u0027, os.name: \u0027Windows 10\u0027, os.arch: \u0027amd64\u0027, os.version: \u002710.0\u0027, java.version: \u00271.8.0_261\u0027\nDriver info: org.openqa.selenium.chrome.ChromeDriver\nCapabilities {acceptInsecureCerts: false, browserName: chrome, browserVersion: 86.0.4240.198, chrome: {chromedriverVersion: 86.0.4240.22 (398b0743353ff..., userDataDir: C:\\Users\\hilal\\AppData\\Loca...}, goog:chromeOptions: {debuggerAddress: localhost:65185}, javascriptEnabled: true, networkConnectionEnabled: false, pageLoadStrategy: normal, platform: WINDOWS, platformName: WINDOWS, proxy: Proxy(), setWindowRect: true, strictFileInteractability: false, timeouts: {implicit: 0, pageLoad: 300000, script: 30000}, unhandledPromptBehavior: dismiss and notify, webauthn:virtualAuthenticators: true}\nSession ID: 001978d94af2e2e21c0943c51a24e6f0\r\n\tat sun.reflect.NativeConstructorAccessorImpl.newInstance0(Native Method)\r\n\tat sun.reflect.NativeConstructorAccessorImpl.newInstance(NativeConstructorAccessorImpl.java:62)\r\n\tat sun.reflect.DelegatingConstructorAccessorImpl.newInstance(DelegatingConstructorAccessorImpl.java:45)\r\n\tat java.lang.reflect.Constructor.newInstance(Constructor.java:423)\r\n\tat org.openqa.selenium.remote.http.W3CHttpResponseCodec.createException(W3CHttpResponseCodec.java:187)\r\n\tat org.openqa.selenium.remote.http.W3CHttpResponseCodec.decode(W3CHttpResponseCodec.java:122)\r\n\tat org.openqa.selenium.remote.http.W3CHttpResponseCodec.decode(W3CHttpResponseCodec.java:49)\r\n\tat org.openqa.selenium.remote.HttpCommandExecutor.execute(HttpCommandExecutor.java:158)\r\n\tat org.openqa.selenium.remote.service.DriverCommandExecutor.execute(DriverCommandExecutor.java:83)\r\n\tat org.openqa.selenium.remote.RemoteWebDriver.execute(RemoteWebDriver.java:552)\r\n\tat org.openqa.selenium.remote.RemoteWebDriver.execute(RemoteWebDriver.java:609)\r\n\tat org.openqa.selenium.remote.RemoteWebDriver$RemoteWebDriverOptions$RemoteWindow.maximize(RemoteWebDriver.java:837)\r\n\tat utilities.Driver.getDriver(Driver.java:58)\r\n\tat pages.RegistrationPage.\u003cinit\u003e(RegistrationPage.java:11)\r\n\tat stepdefinitions.US002_TC2.\u003cinit\u003e(US002_TC2.java:13)\r\n\t... 38 more\r\n",
              "duration": 23000000,
              "status": "failed"
            },
            "line": 7,
            "name": "User is on the registration page",
            "match": {
              "location": "stepdefinitions.US002_TC2.userIsOnTheRegistrationPage()"
            },
            "keyword": "Given "
=======
            "result": {
              "status": "skipped"
            },
            "line": 7,
            "name": "User click on \"Manage Accounts\"",
            "match": {
              "arguments": [
                {
                  "val": "\"Manage Accounts\"",
                  "offset": 14
                }
              ],
              "location": "stepdefinitions.US_14.user_click_on(java.lang.String)"
            },
            "keyword": "Then "
>>>>>>> master
          }
        ]
      },
      {
<<<<<<< HEAD
        "start_timestamp": "2020-11-15T03:16:10.466Z",
        "line": 25,
        "name": "",
        "description": "",
        "id": "gmibank-registration-functionality;",
=======
        "start_timestamp": "2020-11-15T03:21:15.217Z",
        "line": 45,
        "name": "There user can choose an account created on manage accounts",
        "description": "",
        "id": "user-can-manage-accounts;there-user-can-choose-an-account-created-on-manage-accounts",
>>>>>>> master
        "type": "scenario",
        "keyword": "Scenario",
        "steps": [
          {
            "result": {
              "duration": 1000000,
              "status": "skipped"
            },
<<<<<<< HEAD
            "line": 26,
            "name": "User enters an SSN number and SSN number contains special character",
            "match": {
              "location": "stepdefinitions.US002_TC2.userEntersAnSSNNumberAndSSNNumberContainsSpecialCharacter()"
            },
            "keyword": "When "
=======
            "line": 46,
            "name": "User click on \"Manage Accounts\"",
            "match": {
              "arguments": [
                {
                  "val": "\"Manage Accounts\"",
                  "offset": 14
                }
              ],
              "location": "stepdefinitions.US_14.user_click_on(java.lang.String)"
            },
            "keyword": "Given "
>>>>>>> master
          },
          {
            "result": {
              "duration": 1000000,
              "status": "skipped"
            },
<<<<<<< HEAD
            "line": 27,
            "name": "User should see invalid SSN message",
            "match": {
              "location": "stepdefinitions.US002_TC2.userShouldSeeInvalidSSNMessage()"
=======
            "line": 47,
            "name": "Click an ID item to choose an account created on manage accounts",
            "match": {
              "location": "stepdefinitions.US_14.click_an_ID_item_to_choose_an_account_created_on_manage_accounts()"
>>>>>>> master
            },
            "keyword": "Then "
          }
        ],
        "tags": [
          {
<<<<<<< HEAD
            "name": "@AC_002"
          },
          {
            "name": "@TC006"
=======
            "name": "@US_14"
          },
          {
            "name": "@TC_6"
>>>>>>> master
          }
        ]
      },
      {
<<<<<<< HEAD
        "line": 6,
        "name": "",
=======
        "line": 3,
        "name": "User goes my operations dropdown and clicks the \"manage accounts\"",
>>>>>>> master
        "description": "",
        "type": "background",
        "keyword": "Background",
        "steps": [
          {
            "result": {
<<<<<<< HEAD
              "error_message": "io.cucumber.core.exception.CucumberException: Failed to instantiate class stepdefinitions.US002_TC2\r\n\tat io.cucumber.core.runtime.ObjectFactoryServiceLoader$DefaultJavaObjectFactory.cacheNewInstance(ObjectFactoryServiceLoader.java:135)\r\n\tat io.cucumber.core.runtime.ObjectFactoryServiceLoader$DefaultJavaObjectFactory.getInstance(ObjectFactoryServiceLoader.java:121)\r\n\tat io.cucumber.java.JavaStepDefinition.execute(JavaStepDefinition.java:27)\r\n\tat io.cucumber.core.runner.PickleStepDefinitionMatch.runStep(PickleStepDefinitionMatch.java:63)\r\n\tat io.cucumber.core.runner.TestStep.executeStep(TestStep.java:64)\r\n\tat io.cucumber.core.runner.TestStep.run(TestStep.java:49)\r\n\tat io.cucumber.core.runner.PickleStepTestStep.run(PickleStepTestStep.java:46)\r\n\tat io.cucumber.core.runner.TestCase.run(TestCase.java:51)\r\n\tat io.cucumber.core.runner.Runner.runPickle(Runner.java:67)\r\n\tat io.cucumber.junit.PickleRunners$NoStepDescriptions.run(PickleRunners.java:149)\r\n\tat io.cucumber.junit.FeatureRunner.runChild(FeatureRunner.java:83)\r\n\tat io.cucumber.junit.FeatureRunner.runChild(FeatureRunner.java:24)\r\n\tat org.junit.runners.ParentRunner$4.run(ParentRunner.java:331)\r\n\tat org.junit.runners.ParentRunner$1.schedule(ParentRunner.java:79)\r\n\tat org.junit.runners.ParentRunner.runChildren(ParentRunner.java:329)\r\n\tat org.junit.runners.ParentRunner.access$100(ParentRunner.java:66)\r\n\tat org.junit.runners.ParentRunner$2.evaluate(ParentRunner.java:293)\r\n\tat org.junit.runners.ParentRunner$3.evaluate(ParentRunner.java:306)\r\n\tat org.junit.runners.ParentRunner.run(ParentRunner.java:413)\r\n\tat io.cucumber.junit.Cucumber.runChild(Cucumber.java:185)\r\n\tat io.cucumber.junit.Cucumber.runChild(Cucumber.java:83)\r\n\tat org.junit.runners.ParentRunner$4.run(ParentRunner.java:331)\r\n\tat org.junit.runners.ParentRunner$1.schedule(ParentRunner.java:79)\r\n\tat org.junit.runners.ParentRunner.runChildren(ParentRunner.java:329)\r\n\tat org.junit.runners.ParentRunner.access$100(ParentRunner.java:66)\r\n\tat org.junit.runners.ParentRunner$2.evaluate(ParentRunner.java:293)\r\n\tat io.cucumber.junit.Cucumber$RunCucumber.evaluate(Cucumber.java:219)\r\n\tat org.junit.runners.ParentRunner$3.evaluate(ParentRunner.java:306)\r\n\tat org.junit.runners.ParentRunner.run(ParentRunner.java:413)\r\n\tat org.junit.runner.JUnitCore.run(JUnitCore.java:137)\r\n\tat com.intellij.junit4.JUnit4IdeaTestRunner.startRunnerWithArgs(JUnit4IdeaTestRunner.java:68)\r\n\tat com.intellij.rt.junit.IdeaTestRunner$Repeater.startRunnerWithArgs(IdeaTestRunner.java:33)\r\n\tat com.intellij.rt.junit.JUnitStarter.prepareStreamsAndStart(JUnitStarter.java:230)\r\n\tat com.intellij.rt.junit.JUnitStarter.main(JUnitStarter.java:58)\r\nCaused by: java.lang.reflect.InvocationTargetException\r\n\tat sun.reflect.NativeConstructorAccessorImpl.newInstance0(Native Method)\r\n\tat sun.reflect.NativeConstructorAccessorImpl.newInstance(NativeConstructorAccessorImpl.java:62)\r\n\tat sun.reflect.DelegatingConstructorAccessorImpl.newInstance(DelegatingConstructorAccessorImpl.java:45)\r\n\tat java.lang.reflect.Constructor.newInstance(Constructor.java:423)\r\n\tat io.cucumber.core.runtime.ObjectFactoryServiceLoader$DefaultJavaObjectFactory.cacheNewInstance(ObjectFactoryServiceLoader.java:129)\r\n\t... 33 more\r\nCaused by: org.openqa.selenium.NoSuchWindowException: no such window: target window already closed\nfrom unknown error: web view not found\n  (Session info: chrome\u003d86.0.4240.198)\nBuild info: version: \u00273.141.59\u0027, revision: \u0027e82be7d358\u0027, time: \u00272018-11-14T08:17:03\u0027\nSystem info: host: \u0027HILALPC\u0027, ip: \u0027192.168.0.113\u0027, os.name: \u0027Windows 10\u0027, os.arch: \u0027amd64\u0027, os.version: \u002710.0\u0027, java.version: \u00271.8.0_261\u0027\nDriver info: org.openqa.selenium.chrome.ChromeDriver\nCapabilities {acceptInsecureCerts: false, browserName: chrome, browserVersion: 86.0.4240.198, chrome: {chromedriverVersion: 86.0.4240.22 (398b0743353ff..., userDataDir: C:\\Users\\hilal\\AppData\\Loca...}, goog:chromeOptions: {debuggerAddress: localhost:65185}, javascriptEnabled: true, networkConnectionEnabled: false, pageLoadStrategy: normal, platform: WINDOWS, platformName: WINDOWS, proxy: Proxy(), setWindowRect: true, strictFileInteractability: false, timeouts: {implicit: 0, pageLoad: 300000, script: 30000}, unhandledPromptBehavior: dismiss and notify, webauthn:virtualAuthenticators: true}\nSession ID: 001978d94af2e2e21c0943c51a24e6f0\r\n\tat sun.reflect.NativeConstructorAccessorImpl.newInstance0(Native Method)\r\n\tat sun.reflect.NativeConstructorAccessorImpl.newInstance(NativeConstructorAccessorImpl.java:62)\r\n\tat sun.reflect.DelegatingConstructorAccessorImpl.newInstance(DelegatingConstructorAccessorImpl.java:45)\r\n\tat java.lang.reflect.Constructor.newInstance(Constructor.java:423)\r\n\tat org.openqa.selenium.remote.http.W3CHttpResponseCodec.createException(W3CHttpResponseCodec.java:187)\r\n\tat org.openqa.selenium.remote.http.W3CHttpResponseCodec.decode(W3CHttpResponseCodec.java:122)\r\n\tat org.openqa.selenium.remote.http.W3CHttpResponseCodec.decode(W3CHttpResponseCodec.java:49)\r\n\tat org.openqa.selenium.remote.HttpCommandExecutor.execute(HttpCommandExecutor.java:158)\r\n\tat org.openqa.selenium.remote.service.DriverCommandExecutor.execute(DriverCommandExecutor.java:83)\r\n\tat org.openqa.selenium.remote.RemoteWebDriver.execute(RemoteWebDriver.java:552)\r\n\tat org.openqa.selenium.remote.RemoteWebDriver.execute(RemoteWebDriver.java:609)\r\n\tat org.openqa.selenium.remote.RemoteWebDriver$RemoteWebDriverOptions$RemoteWindow.maximize(RemoteWebDriver.java:837)\r\n\tat utilities.Driver.getDriver(Driver.java:58)\r\n\tat pages.RegistrationPage.\u003cinit\u003e(RegistrationPage.java:11)\r\n\tat stepdefinitions.US002_TC2.\u003cinit\u003e(US002_TC2.java:13)\r\n\t... 38 more\r\n",
              "duration": 32000000,
              "status": "failed"
            },
            "line": 7,
            "name": "User is on the registration page",
            "match": {
              "location": "stepdefinitions.US002_TC2.userIsOnTheRegistrationPage()"
            },
            "keyword": "Given "
=======
              "error_message": "io.cucumber.core.exception.CucumberException: Failed to instantiate class stepdefinitions.US_14\n\tat io.cucumber.core.runtime.ObjectFactoryServiceLoader$DefaultJavaObjectFactory.cacheNewInstance(ObjectFactoryServiceLoader.java:135)\n\tat io.cucumber.core.runtime.ObjectFactoryServiceLoader$DefaultJavaObjectFactory.getInstance(ObjectFactoryServiceLoader.java:121)\n\tat io.cucumber.java.JavaStepDefinition.execute(JavaStepDefinition.java:27)\n\tat io.cucumber.core.runner.PickleStepDefinitionMatch.runStep(PickleStepDefinitionMatch.java:63)\n\tat io.cucumber.core.runner.TestStep.executeStep(TestStep.java:64)\n\tat io.cucumber.core.runner.TestStep.run(TestStep.java:49)\n\tat io.cucumber.core.runner.PickleStepTestStep.run(PickleStepTestStep.java:46)\n\tat io.cucumber.core.runner.TestCase.run(TestCase.java:51)\n\tat io.cucumber.core.runner.Runner.runPickle(Runner.java:67)\n\tat io.cucumber.junit.PickleRunners$NoStepDescriptions.run(PickleRunners.java:149)\n\tat io.cucumber.junit.FeatureRunner.runChild(FeatureRunner.java:83)\n\tat io.cucumber.junit.FeatureRunner.runChild(FeatureRunner.java:24)\n\tat org.junit.runners.ParentRunner$4.run(ParentRunner.java:331)\n\tat org.junit.runners.ParentRunner$1.schedule(ParentRunner.java:79)\n\tat org.junit.runners.ParentRunner.runChildren(ParentRunner.java:329)\n\tat org.junit.runners.ParentRunner.access$100(ParentRunner.java:66)\n\tat org.junit.runners.ParentRunner$2.evaluate(ParentRunner.java:293)\n\tat org.junit.runners.ParentRunner$3.evaluate(ParentRunner.java:306)\n\tat org.junit.runners.ParentRunner.run(ParentRunner.java:413)\n\tat io.cucumber.junit.Cucumber.runChild(Cucumber.java:185)\n\tat io.cucumber.junit.Cucumber.runChild(Cucumber.java:83)\n\tat org.junit.runners.ParentRunner$4.run(ParentRunner.java:331)\n\tat org.junit.runners.ParentRunner$1.schedule(ParentRunner.java:79)\n\tat org.junit.runners.ParentRunner.runChildren(ParentRunner.java:329)\n\tat org.junit.runners.ParentRunner.access$100(ParentRunner.java:66)\n\tat org.junit.runners.ParentRunner$2.evaluate(ParentRunner.java:293)\n\tat io.cucumber.junit.Cucumber$RunCucumber.evaluate(Cucumber.java:219)\n\tat org.junit.runners.ParentRunner$3.evaluate(ParentRunner.java:306)\n\tat org.junit.runners.ParentRunner.run(ParentRunner.java:413)\n\tat org.junit.runner.JUnitCore.run(JUnitCore.java:137)\n\tat com.intellij.junit4.JUnit4IdeaTestRunner.startRunnerWithArgs(JUnit4IdeaTestRunner.java:68)\n\tat com.intellij.rt.junit.IdeaTestRunner$Repeater.startRunnerWithArgs(IdeaTestRunner.java:33)\n\tat com.intellij.rt.junit.JUnitStarter.prepareStreamsAndStart(JUnitStarter.java:230)\n\tat com.intellij.rt.junit.JUnitStarter.main(JUnitStarter.java:58)\nCaused by: java.lang.reflect.InvocationTargetException\n\tat sun.reflect.NativeConstructorAccessorImpl.newInstance0(Native Method)\n\tat sun.reflect.NativeConstructorAccessorImpl.newInstance(NativeConstructorAccessorImpl.java:62)\n\tat sun.reflect.DelegatingConstructorAccessorImpl.newInstance(DelegatingConstructorAccessorImpl.java:45)\n\tat java.lang.reflect.Constructor.newInstance(Constructor.java:423)\n\tat io.cucumber.core.runtime.ObjectFactoryServiceLoader$DefaultJavaObjectFactory.cacheNewInstance(ObjectFactoryServiceLoader.java:129)\n\t... 33 more\nCaused by: org.openqa.selenium.NoSuchWindowException: no such window: target window already closed\nfrom unknown error: web view not found\n  (Session info: chrome\u003d86.0.4240.193)\nBuild info: version: \u00273.141.59\u0027, revision: \u0027e82be7d358\u0027, time: \u00272018-11-14T08:17:03\u0027\nSystem info: host: \u0027apple-MacBook-Pro.local\u0027, ip: \u0027fe80:0:0:0:8fd:cd3d:c619:6e13%en0\u0027, os.name: \u0027Mac OS X\u0027, os.arch: \u0027x86_64\u0027, os.version: \u002710.15.7\u0027, java.version: \u00271.8.0_251\u0027\nDriver info: org.openqa.selenium.chrome.ChromeDriver\nCapabilities {acceptInsecureCerts: false, browserName: chrome, browserVersion: 86.0.4240.193, chrome: {chromedriverVersion: 86.0.4240.22 (398b0743353ff..., userDataDir: /var/folders/dl/rf5qc1mj2jq...}, goog:chromeOptions: {debuggerAddress: localhost:63904}, javascriptEnabled: true, networkConnectionEnabled: false, pageLoadStrategy: normal, platform: MAC, platformName: MAC, proxy: Proxy(), setWindowRect: true, strictFileInteractability: false, timeouts: {implicit: 0, pageLoad: 300000, script: 30000}, unhandledPromptBehavior: dismiss and notify, webauthn:virtualAuthenticators: true}\nSession ID: aba4e1c2d81e772ad2fc448eb08a2854\n\tat sun.reflect.NativeConstructorAccessorImpl.newInstance0(Native Method)\n\tat sun.reflect.NativeConstructorAccessorImpl.newInstance(NativeConstructorAccessorImpl.java:62)\n\tat sun.reflect.DelegatingConstructorAccessorImpl.newInstance(DelegatingConstructorAccessorImpl.java:45)\n\tat java.lang.reflect.Constructor.newInstance(Constructor.java:423)\n\tat org.openqa.selenium.remote.http.W3CHttpResponseCodec.createException(W3CHttpResponseCodec.java:187)\n\tat org.openqa.selenium.remote.http.W3CHttpResponseCodec.decode(W3CHttpResponseCodec.java:122)\n\tat org.openqa.selenium.remote.http.W3CHttpResponseCodec.decode(W3CHttpResponseCodec.java:49)\n\tat org.openqa.selenium.remote.HttpCommandExecutor.execute(HttpCommandExecutor.java:158)\n\tat org.openqa.selenium.remote.service.DriverCommandExecutor.execute(DriverCommandExecutor.java:83)\n\tat org.openqa.selenium.remote.RemoteWebDriver.execute(RemoteWebDriver.java:552)\n\tat org.openqa.selenium.remote.RemoteWebDriver.execute(RemoteWebDriver.java:609)\n\tat org.openqa.selenium.remote.RemoteWebDriver$RemoteWebDriverOptions$RemoteWindow.maximize(RemoteWebDriver.java:837)\n\tat utilities.Driver.getDriver(Driver.java:58)\n\tat pages.Userstory14.\u003cinit\u003e(Userstory14.java:12)\n\tat stepdefinitions.US_14.\u003cinit\u003e(US_14.java:13)\n\t... 38 more\n",
              "duration": 10000000,
              "status": "failed"
            },
            "line": 4,
            "name": "User go to the sign in page",
            "match": {
              "location": "stepdefinitions.US_14.user_go_to_the_sign_in_page()"
            },
            "keyword": "Given "
          },
          {
            "result": {
              "duration": 1000000,
              "status": "skipped"
            },
            "line": 5,
            "name": "User type username and password than click on sign in button",
            "match": {
              "location": "stepdefinitions.US_14.user_type_username_and_password_than_click_on_sign_in_button()"
            },
            "keyword": "When "
          },
          {
            "result": {
              "status": "skipped"
            },
            "line": 6,
            "name": "User click on \" My Operations \" dropdown menu",
            "match": {
              "arguments": [
                {
                  "val": "\" My Operations \"",
                  "offset": 14
                }
              ],
              "location": "stepdefinitions.US_14.user_click_on_dropdown_menu(java.lang.String)"
            },
            "keyword": "And "
          },
          {
            "result": {
              "duration": 1000000,
              "status": "skipped"
            },
            "line": 7,
            "name": "User click on \"Manage Accounts\"",
            "match": {
              "arguments": [
                {
                  "val": "\"Manage Accounts\"",
                  "offset": 14
                }
              ],
              "location": "stepdefinitions.US_14.user_click_on(java.lang.String)"
            },
            "keyword": "Then "
>>>>>>> master
          }
        ]
      },
      {
<<<<<<< HEAD
        "start_timestamp": "2020-11-15T03:16:10.520Z",
        "line": 30,
        "name": "",
        "description": "",
        "id": "gmibank-registration-functionality;",
=======
        "start_timestamp": "2020-11-15T03:21:15.253Z",
        "line": 50,
        "name": "User can select Zelle Enrolled optionally and save it",
        "description": "",
        "id": "user-can-manage-accounts;user-can-select-zelle-enrolled-optionally-and-save-it",
>>>>>>> master
        "type": "scenario",
        "keyword": "Scenario",
        "steps": [
          {
            "result": {
              "duration": 1000000,
              "status": "skipped"
            },
<<<<<<< HEAD
            "line": 31,
            "name": "User enters an SSN number and SSN number contains punctuation",
            "match": {
              "location": "stepdefinitions.US002_TC2.userEntersAnSSNNumberAndSSNNumberContainsPunctuation()"
=======
            "line": 51,
            "name": "User Click on \"Manage Customer\"",
            "match": {
              "arguments": [
                {
                  "val": "\"Manage Customer\"",
                  "offset": 14
                }
              ],
              "location": "stepdefinitions.US_14.user_Click_on(java.lang.String)"
>>>>>>> master
            },
            "keyword": "Given "
          },
          {
            "result": {
              "status": "skipped"
            },
<<<<<<< HEAD
            "line": 32,
            "name": "User should see invalid SSN message",
            "match": {
              "location": "stepdefinitions.US002_TC2.userShouldSeeInvalidSSNMessage()"
=======
            "line": 52,
            "name": "User Click on \"+Create a new Custumer\"",
            "match": {
              "arguments": [
                {
                  "val": "\"+Create a new Custumer\"",
                  "offset": 14
                }
              ],
              "location": "stepdefinitions.US_14.user_Click_on(java.lang.String)"
            },
            "keyword": "When "
          },
          {
            "result": {
              "duration": 1000000,
              "status": "skipped"
            },
            "line": 53,
            "name": "User click on the \"SSN\" textbox and type a valid SSN number and Click on the Search button",
            "match": {
              "arguments": [
                {
                  "val": "\"SSN\"",
                  "offset": 18
                }
              ],
              "location": "stepdefinitions.US_14.user_click_on_the_textbox_and_type_a_valid_SSN_number_and_Click_on_the_Search_button(java.lang.String)"
            },
            "keyword": "And "
          },
          {
            "result": {
              "status": "skipped"
            },
            "line": 54,
            "name": "User click in Zelle Enrolled radio button ,click save button",
            "match": {
              "location": "stepdefinitions.US_14.user_click_in_Zelle_Enrolled_radio_button_click_save_button()"
>>>>>>> master
            },
            "keyword": "Then "
          }
        ],
        "tags": [
          {
<<<<<<< HEAD
            "name": "@AC_002"
          },
          {
            "name": "@TC007"
=======
            "name": "@US_14"
          },
          {
            "name": "@TC_7"
>>>>>>> master
          }
        ]
      }
    ],
<<<<<<< HEAD
    "name": "GMIBank Registration Functionality",
    "description": "  As a user, I should not be able to register with invalid credentials.",
    "id": "gmibank-registration-functionality",
    "keyword": "Feature",
    "uri": "file:src/test/resources/uiFeatures/US002_AC2.feature",
    "tags": [
      {
        "name": "@AC_002",
=======
    "name": "User can manage accounts",
    "description": "",
    "id": "user-can-manage-accounts",
    "keyword": "Feature",
    "uri": "file:src/test/resources/uiFeatures/US_14.feature",
    "tags": [
      {
        "name": "@US_14",
>>>>>>> master
        "type": "Tag",
        "location": {
          "line": 1,
          "column": 1
        }
      }
    ]
  }
]